2025-09-03T14:14:26.987-05:00  INFO 8148 --- [biblioteca] [main] c.e.biblioteca.BibliotecaApplication     : Starting BibliotecaApplication using Java 21.0.6 with PID 8148 (C:\Users\docente.fia\Documents\biblioteca-model\target\classes started by docente.fia in C:\Users\docente.fia\Documents\biblioteca-model)
2025-09-03T14:14:26.997-05:00  INFO 8148 --- [biblioteca] [main] c.e.biblioteca.BibliotecaApplication     : No active profile set, falling back to 1 default profile: "default"
2025-09-03T14:14:27.948-05:00  INFO 8148 --- [biblioteca] [main] .s.d.r.c.RepositoryConfigurationDelegate : Bootstrapping Spring Data JPA repositories in DEFAULT mode.
2025-09-03T14:14:28.057-05:00  INFO 8148 --- [biblioteca] [main] .s.d.r.c.RepositoryConfigurationDelegate : Finished Spring Data repository scanning in 99 ms. Found 12 JPA repository interfaces.
2025-09-03T14:14:28.672-05:00  INFO 8148 --- [biblioteca] [main] o.s.b.w.embedded.tomcat.TomcatWebServer  : Tomcat initialized with port 9090 (http)
2025-09-03T14:14:28.687-05:00  INFO 8148 --- [biblioteca] [main] o.apache.catalina.core.StandardService   : Starting service [Tomcat]
2025-09-03T14:14:28.688-05:00  INFO 8148 --- [biblioteca] [main] o.apache.catalina.core.StandardEngine    : Starting Servlet engine: [Apache Tomcat/10.1.43]
2025-09-03T14:14:28.747-05:00  INFO 8148 --- [biblioteca] [main] o.a.c.c.C.[Tomcat].[localhost].[/]       : Initializing Spring embedded WebApplicationContext
2025-09-03T14:14:28.747-05:00  INFO 8148 --- [biblioteca] [main] w.s.c.ServletWebServerApplicationContext : Root WebApplicationContext: initialization completed in 1667 ms
2025-09-03T14:14:28.832-05:00 DEBUG 8148 --- [biblioteca] [main] com.zaxxer.hikari.HikariConfig           : Class oracle.jdbc.OracleDriver found in Thread context class loader jdk.internal.loader.ClassLoaders$AppClassLoader@76ed5528
2025-09-03T14:14:29.027-05:00  INFO 8148 --- [biblioteca] [main] o.hibernate.jpa.internal.util.LogHelper  : HHH000204: Processing PersistenceUnitInfo [name: default]
2025-09-03T14:14:29.101-05:00  INFO 8148 --- [biblioteca] [main] org.hibernate.Version                    : HHH000412: Hibernate ORM core version 6.6.22.Final
2025-09-03T14:14:29.158-05:00  INFO 8148 --- [biblioteca] [main] o.h.c.internal.RegionFactoryInitiator    : HHH000026: Second-level cache disabled
2025-09-03T14:14:29.577-05:00  INFO 8148 --- [biblioteca] [main] o.s.o.j.p.SpringPersistenceUnitInfo      : No LoadTimeWeaver setup: ignoring JPA class transformer
2025-09-03T14:14:29.620-05:00 DEBUG 8148 --- [biblioteca] [main] com.zaxxer.hikari.HikariConfig           : HikariPool-1 - configuration:
2025-09-03T14:14:29.622-05:00 DEBUG 8148 --- [biblioteca] [main] com.zaxxer.hikari.HikariConfig           : allowPoolSuspension.............false
2025-09-03T14:14:29.622-05:00 DEBUG 8148 --- [biblioteca] [main] com.zaxxer.hikari.HikariConfig           : autoCommit......................true
2025-09-03T14:14:29.622-05:00 DEBUG 8148 --- [biblioteca] [main] com.zaxxer.hikari.HikariConfig           : catalog.........................none
2025-09-03T14:14:29.622-05:00 DEBUG 8148 --- [biblioteca] [main] com.zaxxer.hikari.HikariConfig           : connectionInitSql...............none
2025-09-03T14:14:29.623-05:00 DEBUG 8148 --- [biblioteca] [main] com.zaxxer.hikari.HikariConfig           : connectionTestQuery.............none
2025-09-03T14:14:29.623-05:00 DEBUG 8148 --- [biblioteca] [main] com.zaxxer.hikari.HikariConfig           : connectionTimeout...............30000
2025-09-03T14:14:29.623-05:00 DEBUG 8148 --- [biblioteca] [main] com.zaxxer.hikari.HikariConfig           : credentials.....................com.zaxxer.hikari.util.Credentials@c732e1c
2025-09-03T14:14:29.623-05:00 DEBUG 8148 --- [biblioteca] [main] com.zaxxer.hikari.HikariConfig           : dataSource......................none
2025-09-03T14:14:29.624-05:00 DEBUG 8148 --- [biblioteca] [main] com.zaxxer.hikari.HikariConfig           : dataSourceClassName.............none
2025-09-03T14:14:29.624-05:00 DEBUG 8148 --- [biblioteca] [main] com.zaxxer.hikari.HikariConfig           : dataSourceJNDI..................none
2025-09-03T14:14:29.624-05:00 DEBUG 8148 --- [biblioteca] [main] com.zaxxer.hikari.HikariConfig           : dataSourceProperties............{password=<masked>}
2025-09-03T14:14:29.625-05:00 DEBUG 8148 --- [biblioteca] [main] com.zaxxer.hikari.HikariConfig           : driverClassName................."oracle.jdbc.OracleDriver"
2025-09-03T14:14:29.625-05:00 DEBUG 8148 --- [biblioteca] [main] com.zaxxer.hikari.HikariConfig           : exceptionOverride...............none
2025-09-03T14:14:29.625-05:00 DEBUG 8148 --- [biblioteca] [main] com.zaxxer.hikari.HikariConfig           : exceptionOverrideClassName......none
2025-09-03T14:14:29.625-05:00 DEBUG 8148 --- [biblioteca] [main] com.zaxxer.hikari.HikariConfig           : healthCheckProperties...........{}
2025-09-03T14:14:29.626-05:00 DEBUG 8148 --- [biblioteca] [main] com.zaxxer.hikari.HikariConfig           : healthCheckRegistry.............none
2025-09-03T14:14:29.626-05:00 DEBUG 8148 --- [biblioteca] [main] com.zaxxer.hikari.HikariConfig           : idleTimeout.....................600000
2025-09-03T14:14:29.626-05:00 DEBUG 8148 --- [biblioteca] [main] com.zaxxer.hikari.HikariConfig           : initializationFailTimeout.......1
2025-09-03T14:14:29.626-05:00 DEBUG 8148 --- [biblioteca] [main] com.zaxxer.hikari.HikariConfig           : isolateInternalQueries..........false
2025-09-03T14:14:29.627-05:00 DEBUG 8148 --- [biblioteca] [main] com.zaxxer.hikari.HikariConfig           : jdbcUrl.........................jdbc:oracle:thin:@localhost:1521/XEPDB1
2025-09-03T14:14:29.627-05:00 DEBUG 8148 --- [biblioteca] [main] com.zaxxer.hikari.HikariConfig           : keepaliveTime...................120000
2025-09-03T14:14:29.627-05:00 DEBUG 8148 --- [biblioteca] [main] com.zaxxer.hikari.HikariConfig           : leakDetectionThreshold..........0
2025-09-03T14:14:29.627-05:00 DEBUG 8148 --- [biblioteca] [main] com.zaxxer.hikari.HikariConfig           : maxLifetime.....................1800000
2025-09-03T14:14:29.628-05:00 DEBUG 8148 --- [biblioteca] [main] com.zaxxer.hikari.HikariConfig           : maximumPoolSize.................10
2025-09-03T14:14:29.628-05:00 DEBUG 8148 --- [biblioteca] [main] com.zaxxer.hikari.HikariConfig           : metricRegistry..................none
2025-09-03T14:14:29.628-05:00 DEBUG 8148 --- [biblioteca] [main] com.zaxxer.hikari.HikariConfig           : metricsTrackerFactory...........none
2025-09-03T14:14:29.628-05:00 DEBUG 8148 --- [biblioteca] [main] com.zaxxer.hikari.HikariConfig           : minimumIdle.....................10
2025-09-03T14:14:29.629-05:00 DEBUG 8148 --- [biblioteca] [main] com.zaxxer.hikari.HikariConfig           : password........................<masked>
2025-09-03T14:14:29.629-05:00 DEBUG 8148 --- [biblioteca] [main] com.zaxxer.hikari.HikariConfig           : poolName........................"HikariPool-1"
2025-09-03T14:14:29.629-05:00 DEBUG 8148 --- [biblioteca] [main] com.zaxxer.hikari.HikariConfig           : readOnly........................false
2025-09-03T14:14:29.629-05:00 DEBUG 8148 --- [biblioteca] [main] com.zaxxer.hikari.HikariConfig           : registerMbeans..................false
2025-09-03T14:14:29.630-05:00 DEBUG 8148 --- [biblioteca] [main] com.zaxxer.hikari.HikariConfig           : scheduledExecutor...............none
2025-09-03T14:14:29.630-05:00 DEBUG 8148 --- [biblioteca] [main] com.zaxxer.hikari.HikariConfig           : schema..........................none
2025-09-03T14:14:29.630-05:00 DEBUG 8148 --- [biblioteca] [main] com.zaxxer.hikari.HikariConfig           : threadFactory...................internal
2025-09-03T14:14:29.630-05:00 DEBUG 8148 --- [biblioteca] [main] com.zaxxer.hikari.HikariConfig           : transactionIsolation............default
2025-09-03T14:14:29.631-05:00 DEBUG 8148 --- [biblioteca] [main] com.zaxxer.hikari.HikariConfig           : username........................"USERLP2"
2025-09-03T14:14:29.631-05:00 DEBUG 8148 --- [biblioteca] [main] com.zaxxer.hikari.HikariConfig           : validationTimeout...............5000
2025-09-03T14:14:29.631-05:00  INFO 8148 --- [biblioteca] [main] com.zaxxer.hikari.HikariDataSource       : HikariPool-1 - Starting...
2025-09-03T14:14:29.639-05:00 DEBUG 8148 --- [biblioteca] [main] com.zaxxer.hikari.pool.PoolBase          : HikariPool-1 - Attempting to create/setup new connection (6a527280-2d85-48fd-9f94-691a32c3205f)
2025-09-03T14:14:30.160-05:00 DEBUG 8148 --- [biblioteca] [main] com.zaxxer.hikari.pool.PoolBase          : HikariPool-1 - Established new connection (6a527280-2d85-48fd-9f94-691a32c3205f)
2025-09-03T14:14:30.162-05:00  INFO 8148 --- [biblioteca] [main] com.zaxxer.hikari.pool.HikariPool        : HikariPool-1 - Added connection oracle.jdbc.driver.T4CConnection@4751cd3
2025-09-03T14:14:30.164-05:00  INFO 8148 --- [biblioteca] [main] com.zaxxer.hikari.HikariDataSource       : HikariPool-1 - Start completed.
2025-09-03T14:14:30.265-05:00 DEBUG 8148 --- [biblioteca] [HikariPool-1:housekeeper] com.zaxxer.hikari.pool.HikariPool        : HikariPool-1 - Pool stats (total=1/10, idle=0/10, active=1, waiting=0)
2025-09-03T14:14:30.265-05:00 DEBUG 8148 --- [biblioteca] [HikariPool-1:connection-adder] com.zaxxer.hikari.pool.PoolBase          : HikariPool-1 - Attempting to create/setup new connection (990b9aa8-b17f-47c5-a88a-356b0d2e6e07)
2025-09-03T14:14:30.321-05:00 DEBUG 8148 --- [biblioteca] [HikariPool-1:connection-adder] com.zaxxer.hikari.pool.PoolBase          : HikariPool-1 - Established new connection (990b9aa8-b17f-47c5-a88a-356b0d2e6e07)
2025-09-03T14:14:30.321-05:00 DEBUG 8148 --- [biblioteca] [HikariPool-1:connection-adder] com.zaxxer.hikari.pool.HikariPool        : HikariPool-1 - Added connection oracle.jdbc.driver.T4CConnection@38f8b5a8
2025-09-03T14:14:30.352-05:00 DEBUG 8148 --- [biblioteca] [HikariPool-1:connection-adder] com.zaxxer.hikari.pool.HikariPool        : HikariPool-1 - After adding stats (total=2/10, idle=1/10, active=1, waiting=0)
2025-09-03T14:14:30.352-05:00 DEBUG 8148 --- [biblioteca] [HikariPool-1:connection-adder] com.zaxxer.hikari.pool.PoolBase          : HikariPool-1 - Attempting to create/setup new connection (8a363688-140e-468c-b489-15e533917b8d)
2025-09-03T14:14:30.430-05:00 DEBUG 8148 --- [biblioteca] [HikariPool-1:connection-adder] com.zaxxer.hikari.pool.PoolBase          : HikariPool-1 - Established new connection (8a363688-140e-468c-b489-15e533917b8d)
2025-09-03T14:14:30.431-05:00 DEBUG 8148 --- [biblioteca] [HikariPool-1:connection-adder] com.zaxxer.hikari.pool.HikariPool        : HikariPool-1 - Added connection oracle.jdbc.driver.T4CConnection@6ab6f0a2
2025-09-03T14:14:30.462-05:00 DEBUG 8148 --- [biblioteca] [HikariPool-1:connection-adder] com.zaxxer.hikari.pool.HikariPool        : HikariPool-1 - After adding stats (total=3/10, idle=2/10, active=1, waiting=0)
2025-09-03T14:14:30.462-05:00 DEBUG 8148 --- [biblioteca] [HikariPool-1:connection-adder] com.zaxxer.hikari.pool.PoolBase          : HikariPool-1 - Attempting to create/setup new connection (8e84e3c8-add3-4245-893f-858a7d292980)
2025-09-03T14:14:30.527-05:00 DEBUG 8148 --- [biblioteca] [HikariPool-1:connection-adder] com.zaxxer.hikari.pool.PoolBase          : HikariPool-1 - Established new connection (8e84e3c8-add3-4245-893f-858a7d292980)
2025-09-03T14:14:30.527-05:00 DEBUG 8148 --- [biblioteca] [HikariPool-1:connection-adder] com.zaxxer.hikari.pool.HikariPool        : HikariPool-1 - Added connection oracle.jdbc.driver.T4CConnection@6e492e16
2025-09-03T14:14:30.535-05:00  INFO 8148 --- [biblioteca] [main] org.hibernate.orm.connections.pooling    : HHH10001005: Database info:
	Database JDBC URL [Connecting through datasource 'HikariDataSource (HikariPool-1)']
	Database driver: undefined/unknown
	Database version: 21.3
	Autocommit mode: undefined/unknown
	Isolation level: undefined/unknown
	Minimum pool size: undefined/unknown
	Maximum pool size: undefined/unknown
2025-09-03T14:14:30.560-05:00 DEBUG 8148 --- [biblioteca] [HikariPool-1:connection-adder] com.zaxxer.hikari.pool.HikariPool        : HikariPool-1 - After adding stats (total=4/10, idle=4/10, active=0, waiting=0)
2025-09-03T14:14:30.560-05:00 DEBUG 8148 --- [biblioteca] [HikariPool-1:connection-adder] com.zaxxer.hikari.pool.PoolBase          : HikariPool-1 - Attempting to create/setup new connection (ea36fc14-1bca-4e38-a192-bc85255ff0a0)
2025-09-03T14:14:30.631-05:00 DEBUG 8148 --- [biblioteca] [HikariPool-1:connection-adder] com.zaxxer.hikari.pool.PoolBase          : HikariPool-1 - Established new connection (ea36fc14-1bca-4e38-a192-bc85255ff0a0)
2025-09-03T14:14:30.632-05:00 DEBUG 8148 --- [biblioteca] [HikariPool-1:connection-adder] com.zaxxer.hikari.pool.HikariPool        : HikariPool-1 - Added connection oracle.jdbc.driver.T4CConnection@ba8b2df
2025-09-03T14:14:30.663-05:00 DEBUG 8148 --- [biblioteca] [HikariPool-1:connection-adder] com.zaxxer.hikari.pool.HikariPool        : HikariPool-1 - After adding stats (total=5/10, idle=5/10, active=0, waiting=0)
2025-09-03T14:14:30.663-05:00 DEBUG 8148 --- [biblioteca] [HikariPool-1:connection-adder] com.zaxxer.hikari.pool.PoolBase          : HikariPool-1 - Attempting to create/setup new connection (a9c6f713-2fcf-4d60-8050-5d28f72aea2a)
2025-09-03T14:14:30.733-05:00 DEBUG 8148 --- [biblioteca] [HikariPool-1:connection-adder] com.zaxxer.hikari.pool.PoolBase          : HikariPool-1 - Established new connection (a9c6f713-2fcf-4d60-8050-5d28f72aea2a)
2025-09-03T14:14:30.733-05:00 DEBUG 8148 --- [biblioteca] [HikariPool-1:connection-adder] com.zaxxer.hikari.pool.HikariPool        : HikariPool-1 - Added connection oracle.jdbc.driver.T4CConnection@27e3a9d3
2025-09-03T14:14:30.764-05:00 DEBUG 8148 --- [biblioteca] [HikariPool-1:connection-adder] com.zaxxer.hikari.pool.HikariPool        : HikariPool-1 - After adding stats (total=6/10, idle=6/10, active=0, waiting=0)
2025-09-03T14:14:30.764-05:00 DEBUG 8148 --- [biblioteca] [HikariPool-1:connection-adder] com.zaxxer.hikari.pool.PoolBase          : HikariPool-1 - Attempting to create/setup new connection (e78867fc-db48-4a23-a219-e29157e15cb2)
2025-09-03T14:14:30.841-05:00 DEBUG 8148 --- [biblioteca] [HikariPool-1:connection-adder] com.zaxxer.hikari.pool.PoolBase          : HikariPool-1 - Established new connection (e78867fc-db48-4a23-a219-e29157e15cb2)
2025-09-03T14:14:30.841-05:00 DEBUG 8148 --- [biblioteca] [HikariPool-1:connection-adder] com.zaxxer.hikari.pool.HikariPool        : HikariPool-1 - Added connection oracle.jdbc.driver.T4CConnection@6954becc
2025-09-03T14:14:30.872-05:00 DEBUG 8148 --- [biblioteca] [HikariPool-1:connection-adder] com.zaxxer.hikari.pool.HikariPool        : HikariPool-1 - After adding stats (total=7/10, idle=7/10, active=0, waiting=0)
2025-09-03T14:14:30.872-05:00 DEBUG 8148 --- [biblioteca] [HikariPool-1:connection-adder] com.zaxxer.hikari.pool.PoolBase          : HikariPool-1 - Attempting to create/setup new connection (2b209b4e-7c55-400c-a173-29d4e574bbf2)
2025-09-03T14:14:30.945-05:00 DEBUG 8148 --- [biblioteca] [HikariPool-1:connection-adder] com.zaxxer.hikari.pool.PoolBase          : HikariPool-1 - Established new connection (2b209b4e-7c55-400c-a173-29d4e574bbf2)
2025-09-03T14:14:30.946-05:00 DEBUG 8148 --- [biblioteca] [HikariPool-1:connection-adder] com.zaxxer.hikari.pool.HikariPool        : HikariPool-1 - Added connection oracle.jdbc.driver.T4CConnection@5697da04
2025-09-03T14:14:30.977-05:00 DEBUG 8148 --- [biblioteca] [HikariPool-1:connection-adder] com.zaxxer.hikari.pool.HikariPool        : HikariPool-1 - After adding stats (total=8/10, idle=8/10, active=0, waiting=0)
2025-09-03T14:14:30.977-05:00 DEBUG 8148 --- [biblioteca] [HikariPool-1:connection-adder] com.zaxxer.hikari.pool.PoolBase          : HikariPool-1 - Attempting to create/setup new connection (6976675c-2816-4f8d-b813-8ec96525b2cc)
2025-09-03T14:14:31.045-05:00 DEBUG 8148 --- [biblioteca] [HikariPool-1:connection-adder] com.zaxxer.hikari.pool.PoolBase          : HikariPool-1 - Established new connection (6976675c-2816-4f8d-b813-8ec96525b2cc)
2025-09-03T14:14:31.045-05:00 DEBUG 8148 --- [biblioteca] [HikariPool-1:connection-adder] com.zaxxer.hikari.pool.HikariPool        : HikariPool-1 - Added connection oracle.jdbc.driver.T4CConnection@52a23e44
2025-09-03T14:14:31.076-05:00 DEBUG 8148 --- [biblioteca] [HikariPool-1:connection-adder] com.zaxxer.hikari.pool.HikariPool        : HikariPool-1 - After adding stats (total=9/10, idle=9/10, active=0, waiting=0)
2025-09-03T14:14:31.076-05:00 DEBUG 8148 --- [biblioteca] [HikariPool-1:connection-adder] com.zaxxer.hikari.pool.PoolBase          : HikariPool-1 - Attempting to create/setup new connection (818aba39-d5cc-4ccd-8ae0-390aaaa59985)
2025-09-03T14:14:31.161-05:00 DEBUG 8148 --- [biblioteca] [HikariPool-1:connection-adder] com.zaxxer.hikari.pool.PoolBase          : HikariPool-1 - Established new connection (818aba39-d5cc-4ccd-8ae0-390aaaa59985)
2025-09-03T14:14:31.161-05:00 DEBUG 8148 --- [biblioteca] [HikariPool-1:connection-adder] com.zaxxer.hikari.pool.HikariPool        : HikariPool-1 - Added connection oracle.jdbc.driver.T4CConnection@2727ec27
2025-09-03T14:14:31.192-05:00 DEBUG 8148 --- [biblioteca] [HikariPool-1:connection-adder] com.zaxxer.hikari.pool.HikariPool        : HikariPool-1 - After adding stats (total=10/10, idle=10/10, active=0, waiting=0)
2025-09-03T14:14:31.192-05:00 DEBUG 8148 --- [biblioteca] [HikariPool-1:connection-adder] com.zaxxer.hikari.pool.HikariPool        : HikariPool-1 - Connection not added, stats (total=10/10, idle=10/10, active=0, waiting=0)
2025-09-03T14:14:32.075-05:00  INFO 8148 --- [biblioteca] [main] o.h.e.t.j.p.i.JtaPlatformInitiator       : HHH000489: No JTA platform available (set 'hibernate.transaction.jta.platform' to enable JTA platform integration)
2025-09-03T14:14:33.089-05:00  INFO 8148 --- [biblioteca] [main] j.LocalContainerEntityManagerFactoryBean : Initialized JPA EntityManagerFactory for persistence unit 'default'
2025-09-03T14:14:33.581-05:00  WARN 8148 --- [biblioteca] [main] JpaBaseConfiguration$JpaWebConfiguration : spring.jpa.open-in-view is enabled by default. Therefore, database queries may be performed during view rendering. Explicitly configure spring.jpa.open-in-view to disable this warning
2025-09-03T14:14:33.683-05:00 DEBUG 8148 --- [biblioteca] [main] s.w.s.m.m.a.RequestMappingHandlerMapping : 12 mappings in 'requestMappingHandlerMapping'
2025-09-03T14:14:33.745-05:00 DEBUG 8148 --- [biblioteca] [main] o.s.w.s.c.annotation.WebMvcConfigurer    : Default resource handling disabled
2025-09-03T14:14:33.789-05:00 DEBUG 8148 --- [biblioteca] [main] s.w.s.m.m.a.RequestMappingHandlerAdapter : ControllerAdvice beans: 0 @ModelAttribute, 0 @InitBinder, 1 RequestBodyAdvice, 1 ResponseBodyAdvice
2025-09-03T14:14:33.848-05:00 DEBUG 8148 --- [biblioteca] [main] .m.m.a.ExceptionHandlerExceptionResolver : ControllerAdvice beans: 1 @ExceptionHandler, 1 ResponseBodyAdvice
2025-09-03T14:14:34.075-05:00  INFO 8148 --- [biblioteca] [main] o.s.b.w.embedded.tomcat.TomcatWebServer  : Tomcat started on port 9090 (http) with context path '/'
2025-09-03T14:14:34.084-05:00  INFO 8148 --- [biblioteca] [main] c.e.biblioteca.BibliotecaApplication     : Started BibliotecaApplication in 7.864 seconds (process running for 8.789)
2025-09-03T14:14:37.799-05:00  INFO 8148 --- [biblioteca] [http-nio-9090-exec-1] o.a.c.c.C.[Tomcat].[localhost].[/]       : Initializing Spring DispatcherServlet 'dispatcherServlet'
2025-09-03T14:14:37.800-05:00  INFO 8148 --- [biblioteca] [http-nio-9090-exec-1] o.s.web.servlet.DispatcherServlet        : Initializing Servlet 'dispatcherServlet'
2025-09-03T14:14:37.800-05:00 DEBUG 8148 --- [biblioteca] [http-nio-9090-exec-1] o.s.web.servlet.DispatcherServlet        : Detected StandardServletMultipartResolver
2025-09-03T14:14:37.800-05:00 DEBUG 8148 --- [biblioteca] [http-nio-9090-exec-1] o.s.web.servlet.DispatcherServlet        : Detected AcceptHeaderLocaleResolver
2025-09-03T14:14:37.800-05:00 DEBUG 8148 --- [biblioteca] [http-nio-9090-exec-1] o.s.web.servlet.DispatcherServlet        : Detected FixedThemeResolver
2025-09-03T14:14:37.801-05:00 DEBUG 8148 --- [biblioteca] [http-nio-9090-exec-1] o.s.web.servlet.DispatcherServlet        : Detected org.springframework.web.servlet.view.DefaultRequestToViewNameTranslator@51751265
2025-09-03T14:14:37.801-05:00 DEBUG 8148 --- [biblioteca] [http-nio-9090-exec-1] o.s.web.servlet.DispatcherServlet        : Detected org.springframework.web.servlet.support.SessionFlashMapManager@155cf9f6
2025-09-03T14:14:37.801-05:00 DEBUG 8148 --- [biblioteca] [http-nio-9090-exec-1] o.s.web.servlet.DispatcherServlet        : enableLoggingRequestDetails='false': request parameters and headers will be masked to prevent unsafe logging of potentially sensitive data
2025-09-03T14:14:37.801-05:00  INFO 8148 --- [biblioteca] [http-nio-9090-exec-1] o.s.web.servlet.DispatcherServlet        : Completed initialization in 1 ms
2025-09-03T14:14:37.810-05:00 DEBUG 8148 --- [biblioteca] [http-nio-9090-exec-1] o.s.web.servlet.DispatcherServlet        : GET "/api/v1/secciones", parameters={}
2025-09-03T14:14:37.823-05:00 DEBUG 8148 --- [biblioteca] [http-nio-9090-exec-1] s.w.s.m.m.a.RequestMappingHandlerMapping : Mapped to com.example.biblioteca.controller.general.SeccionController#getAll()
2025-09-03T14:14:37.980-05:00 DEBUG 8148 --- [biblioteca] [http-nio-9090-exec-1] org.hibernate.SQL                        : 
    select
        s1_0.id,
        s1_0.categoria_id,
        s1_0.estado,
        s1_0.nombre 
    from
        USERLP2.tbl_secciones s1_0
2025-09-03T14:14:38.028-05:00 DEBUG 8148 --- [biblioteca] [http-nio-9090-exec-1] org.hibernate.SQL                        : 
    select
        c1_0.id,
        c1_0.estado,
        c1_0.nombre 
    from
        USERLP2.tbl_categorias c1_0 
    where
        c1_0.id=?
2025-09-03T14:14:38.057-05:00 DEBUG 8148 --- [biblioteca] [http-nio-9090-exec-1] org.hibernate.SQL                        : 
    select
        c1_0.id,
        c1_0.estado,
        c1_0.nombre 
    from
        USERLP2.tbl_categorias c1_0 
    where
        c1_0.id=?
2025-09-03T14:14:38.059-05:00 DEBUG 8148 --- [biblioteca] [http-nio-9090-exec-1] org.hibernate.SQL                        : 
    select
        c1_0.id,
        c1_0.estado,
        c1_0.nombre 
    from
        USERLP2.tbl_categorias c1_0 
    where
        c1_0.id=?
2025-09-03T14:14:38.061-05:00 DEBUG 8148 --- [biblioteca] [http-nio-9090-exec-1] org.hibernate.SQL                        : 
    select
        c1_0.id,
        c1_0.estado,
        c1_0.nombre 
    from
        USERLP2.tbl_categorias c1_0 
    where
        c1_0.id=?
2025-09-03T14:14:38.100-05:00 DEBUG 8148 --- [biblioteca] [http-nio-9090-exec-1] o.s.w.s.m.m.a.HttpEntityMethodProcessor  : Using 'application/json', given [*/*] and supported [application/json, application/*+json]
2025-09-03T14:14:38.102-05:00 DEBUG 8148 --- [biblioteca] [http-nio-9090-exec-1] o.s.w.s.m.m.a.HttpEntityMethodProcessor  : Writing [[SeccionDTO(id=1, nombre=NOVELA CONTEMPORÁNEA, estado=A, categoriaId=1), SeccionDTO(id=2, nombre=HIS (truncated)...]
2025-09-03T14:14:38.159-05:00 DEBUG 8148 --- [biblioteca] [http-nio-9090-exec-1] o.s.web.servlet.DispatcherServlet        : Completed 200 OK
2025-09-03T14:15:00.273-05:00 DEBUG 8148 --- [biblioteca] [HikariPool-1:housekeeper] com.zaxxer.hikari.pool.HikariPool        : HikariPool-1 - Pool stats (total=10/10, idle=10/10, active=0, waiting=0)
2025-09-03T14:15:00.275-05:00 DEBUG 8148 --- [biblioteca] [HikariPool-1:housekeeper] com.zaxxer.hikari.pool.HikariPool        : HikariPool-1 - Fill pool skipped, pool has sufficient level or currently being filled.
2025-09-03T14:15:30.275-05:00 DEBUG 8148 --- [biblioteca] [HikariPool-1:housekeeper] com.zaxxer.hikari.pool.HikariPool        : HikariPool-1 - Pool stats (total=10/10, idle=10/10, active=0, waiting=0)
2025-09-03T14:15:30.276-05:00 DEBUG 8148 --- [biblioteca] [HikariPool-1:housekeeper] com.zaxxer.hikari.pool.HikariPool        : HikariPool-1 - Fill pool skipped, pool has sufficient level or currently being filled.
2025-09-03T14:16:00.291-05:00 DEBUG 8148 --- [biblioteca] [HikariPool-1:housekeeper] com.zaxxer.hikari.pool.HikariPool        : HikariPool-1 - Pool stats (total=10/10, idle=10/10, active=0, waiting=0)
2025-09-03T14:16:00.293-05:00 DEBUG 8148 --- [biblioteca] [HikariPool-1:housekeeper] com.zaxxer.hikari.pool.HikariPool        : HikariPool-1 - Fill pool skipped, pool has sufficient level or currently being filled.
2025-09-03T14:16:08.292-05:00 DEBUG 8148 --- [biblioteca] [HikariPool-1:housekeeper] com.zaxxer.hikari.pool.HikariPool        : HikariPool-1 - keepalive: connection oracle.jdbc.driver.T4CConnection@4751cd3 is alive
2025-09-03T14:16:09.305-05:00 DEBUG 8148 --- [biblioteca] [HikariPool-1:housekeeper] com.zaxxer.hikari.pool.HikariPool        : HikariPool-1 - keepalive: connection oracle.jdbc.driver.T4CConnection@6ab6f0a2 is alive
2025-09-03T14:16:11.990-05:00 DEBUG 8148 --- [biblioteca] [HikariPool-1:housekeeper] com.zaxxer.hikari.pool.HikariPool        : HikariPool-1 - keepalive: connection oracle.jdbc.driver.T4CConnection@6e492e16 is alive
2025-09-03T14:16:12.099-05:00 DEBUG 8148 --- [biblioteca] [HikariPool-1:housekeeper] com.zaxxer.hikari.pool.HikariPool        : HikariPool-1 - keepalive: connection oracle.jdbc.driver.T4CConnection@ba8b2df is alive
2025-09-03T14:16:13.367-05:00 DEBUG 8148 --- [biblioteca] [HikariPool-1:housekeeper] com.zaxxer.hikari.pool.HikariPool        : HikariPool-1 - keepalive: connection oracle.jdbc.driver.T4CConnection@2727ec27 is alive
2025-09-03T14:16:17.181-05:00 DEBUG 8148 --- [biblioteca] [HikariPool-1:housekeeper] com.zaxxer.hikari.pool.HikariPool        : HikariPool-1 - keepalive: connection oracle.jdbc.driver.T4CConnection@38f8b5a8 is alive
2025-09-03T14:16:19.550-05:00 DEBUG 8148 --- [biblioteca] [HikariPool-1:housekeeper] com.zaxxer.hikari.pool.HikariPool        : HikariPool-1 - keepalive: connection oracle.jdbc.driver.T4CConnection@27e3a9d3 is alive
2025-09-03T14:16:24.303-05:00 DEBUG 8148 --- [biblioteca] [HikariPool-1:housekeeper] com.zaxxer.hikari.pool.HikariPool        : HikariPool-1 - keepalive: connection oracle.jdbc.driver.T4CConnection@52a23e44 is alive
2025-09-03T14:16:24.616-05:00 DEBUG 8148 --- [biblioteca] [HikariPool-1:housekeeper] com.zaxxer.hikari.pool.HikariPool        : HikariPool-1 - keepalive: connection oracle.jdbc.driver.T4CConnection@6954becc is alive
2025-09-03T14:16:28.533-05:00 DEBUG 8148 --- [biblioteca] [HikariPool-1:housekeeper] com.zaxxer.hikari.pool.HikariPool        : HikariPool-1 - keepalive: connection oracle.jdbc.driver.T4CConnection@5697da04 is alive
2025-09-03T14:16:30.298-05:00 DEBUG 8148 --- [biblioteca] [HikariPool-1:housekeeper] com.zaxxer.hikari.pool.HikariPool        : HikariPool-1 - Pool stats (total=10/10, idle=10/10, active=0, waiting=0)
2025-09-03T14:16:30.298-05:00 DEBUG 8148 --- [biblioteca] [HikariPool-1:housekeeper] com.zaxxer.hikari.pool.HikariPool        : HikariPool-1 - Fill pool skipped, pool has sufficient level or currently being filled.
2025-09-03T14:17:00.308-05:00 DEBUG 8148 --- [biblioteca] [HikariPool-1:housekeeper] com.zaxxer.hikari.pool.HikariPool        : HikariPool-1 - Pool stats (total=10/10, idle=10/10, active=0, waiting=0)
2025-09-03T14:17:00.308-05:00 DEBUG 8148 --- [biblioteca] [HikariPool-1:housekeeper] com.zaxxer.hikari.pool.HikariPool        : HikariPool-1 - Fill pool skipped, pool has sufficient level or currently being filled.
2025-09-03T14:17:30.317-05:00 DEBUG 8148 --- [biblioteca] [HikariPool-1:housekeeper] com.zaxxer.hikari.pool.HikariPool        : HikariPool-1 - Pool stats (total=10/10, idle=10/10, active=0, waiting=0)
2025-09-03T14:17:30.317-05:00 DEBUG 8148 --- [biblioteca] [HikariPool-1:housekeeper] com.zaxxer.hikari.pool.HikariPool        : HikariPool-1 - Fill pool skipped, pool has sufficient level or currently being filled.
2025-09-03T14:17:46.430-05:00 DEBUG 8148 --- [biblioteca] [HikariPool-1:housekeeper] com.zaxxer.hikari.pool.HikariPool        : HikariPool-1 - keepalive: connection oracle.jdbc.driver.T4CConnection@4751cd3 is alive
2025-09-03T14:17:48.170-05:00 DEBUG 8148 --- [biblioteca] [HikariPool-1:housekeeper] com.zaxxer.hikari.pool.HikariPool        : HikariPool-1 - keepalive: connection oracle.jdbc.driver.T4CConnection@6ab6f0a2 is alive
2025-09-03T14:17:53.457-05:00 DEBUG 8148 --- [biblioteca] [HikariPool-1:housekeeper] com.zaxxer.hikari.pool.HikariPool        : HikariPool-1 - keepalive: connection oracle.jdbc.driver.T4CConnection@6e492e16 is alive
2025-09-03T14:17:53.566-05:00 DEBUG 8148 --- [biblioteca] [HikariPool-1:housekeeper] com.zaxxer.hikari.pool.HikariPool        : HikariPool-1 - keepalive: connection oracle.jdbc.driver.T4CConnection@ba8b2df is alive
2025-09-03T14:17:55.580-05:00 DEBUG 8148 --- [biblioteca] [HikariPool-1:housekeeper] com.zaxxer.hikari.pool.HikariPool        : HikariPool-1 - keepalive: connection oracle.jdbc.driver.T4CConnection@2727ec27 is alive
2025-09-03T14:18:00.326-05:00 DEBUG 8148 --- [biblioteca] [HikariPool-1:housekeeper] com.zaxxer.hikari.pool.HikariPool        : HikariPool-1 - Pool stats (total=10/10, idle=10/10, active=0, waiting=0)
2025-09-03T14:18:00.326-05:00 DEBUG 8148 --- [biblioteca] [HikariPool-1:housekeeper] com.zaxxer.hikari.pool.HikariPool        : HikariPool-1 - Fill pool skipped, pool has sufficient level or currently being filled.
2025-09-03T14:18:04.047-05:00 DEBUG 8148 --- [biblioteca] [HikariPool-1:housekeeper] com.zaxxer.hikari.pool.HikariPool        : HikariPool-1 - keepalive: connection oracle.jdbc.driver.T4CConnection@38f8b5a8 is alive
2025-09-03T14:18:08.361-05:00 DEBUG 8148 --- [biblioteca] [HikariPool-1:housekeeper] com.zaxxer.hikari.pool.HikariPool        : HikariPool-1 - keepalive: connection oracle.jdbc.driver.T4CConnection@27e3a9d3 is alive
2025-09-03T14:18:17.555-05:00 DEBUG 8148 --- [biblioteca] [HikariPool-1:housekeeper] com.zaxxer.hikari.pool.HikariPool        : HikariPool-1 - keepalive: connection oracle.jdbc.driver.T4CConnection@52a23e44 is alive
2025-09-03T14:18:18.388-05:00 DEBUG 8148 --- [biblioteca] [HikariPool-1:housekeeper] com.zaxxer.hikari.pool.HikariPool        : HikariPool-1 - keepalive: connection oracle.jdbc.driver.T4CConnection@6954becc is alive
2025-09-03T14:18:26.114-05:00 DEBUG 8148 --- [biblioteca] [HikariPool-1:housekeeper] com.zaxxer.hikari.pool.HikariPool        : HikariPool-1 - keepalive: connection oracle.jdbc.driver.T4CConnection@5697da04 is alive
2025-09-03T14:18:30.335-05:00 DEBUG 8148 --- [biblioteca] [HikariPool-1:housekeeper] com.zaxxer.hikari.pool.HikariPool        : HikariPool-1 - Pool stats (total=10/10, idle=10/10, active=0, waiting=0)
2025-09-03T14:18:30.335-05:00 DEBUG 8148 --- [biblioteca] [HikariPool-1:housekeeper] com.zaxxer.hikari.pool.HikariPool        : HikariPool-1 - Fill pool skipped, pool has sufficient level or currently being filled.
2025-09-03T14:19:00.336-05:00 DEBUG 8148 --- [biblioteca] [HikariPool-1:housekeeper] com.zaxxer.hikari.pool.HikariPool        : HikariPool-1 - Pool stats (total=10/10, idle=10/10, active=0, waiting=0)
2025-09-03T14:19:00.336-05:00 DEBUG 8148 --- [biblioteca] [HikariPool-1:housekeeper] com.zaxxer.hikari.pool.HikariPool        : HikariPool-1 - Fill pool skipped, pool has sufficient level or currently being filled.
2025-09-03T14:19:24.560-05:00 DEBUG 8148 --- [biblioteca] [HikariPool-1:housekeeper] com.zaxxer.hikari.pool.HikariPool        : HikariPool-1 - keepalive: connection oracle.jdbc.driver.T4CConnection@4751cd3 is alive
2025-09-03T14:19:27.055-05:00 DEBUG 8148 --- [biblioteca] [HikariPool-1:housekeeper] com.zaxxer.hikari.pool.HikariPool        : HikariPool-1 - keepalive: connection oracle.jdbc.driver.T4CConnection@6ab6f0a2 is alive
2025-09-03T14:19:30.337-05:00 DEBUG 8148 --- [biblioteca] [HikariPool-1:housekeeper] com.zaxxer.hikari.pool.HikariPool        : HikariPool-1 - Pool stats (total=10/10, idle=10/10, active=0, waiting=0)
2025-09-03T14:19:30.337-05:00 DEBUG 8148 --- [biblioteca] [HikariPool-1:housekeeper] com.zaxxer.hikari.pool.HikariPool        : HikariPool-1 - Fill pool skipped, pool has sufficient level or currently being filled.
2025-09-03T14:19:34.909-05:00 DEBUG 8148 --- [biblioteca] [HikariPool-1:housekeeper] com.zaxxer.hikari.pool.HikariPool        : HikariPool-1 - keepalive: connection oracle.jdbc.driver.T4CConnection@6e492e16 is alive
2025-09-03T14:19:35.033-05:00 DEBUG 8148 --- [biblioteca] [HikariPool-1:housekeeper] com.zaxxer.hikari.pool.HikariPool        : HikariPool-1 - keepalive: connection oracle.jdbc.driver.T4CConnection@ba8b2df is alive
2025-09-03T14:19:37.785-05:00 DEBUG 8148 --- [biblioteca] [HikariPool-1:housekeeper] com.zaxxer.hikari.pool.HikariPool        : HikariPool-1 - keepalive: connection oracle.jdbc.driver.T4CConnection@2727ec27 is alive
2025-09-03T14:19:50.901-05:00 DEBUG 8148 --- [biblioteca] [HikariPool-1:housekeeper] com.zaxxer.hikari.pool.HikariPool        : HikariPool-1 - keepalive: connection oracle.jdbc.driver.T4CConnection@38f8b5a8 is alive
2025-09-03T14:19:57.168-05:00 DEBUG 8148 --- [biblioteca] [HikariPool-1:housekeeper] com.zaxxer.hikari.pool.HikariPool        : HikariPool-1 - keepalive: connection oracle.jdbc.driver.T4CConnection@27e3a9d3 is alive
2025-09-03T14:20:00.339-05:00 DEBUG 8148 --- [biblioteca] [HikariPool-1:housekeeper] com.zaxxer.hikari.pool.HikariPool        : HikariPool-1 - Pool stats (total=10/10, idle=10/10, active=0, waiting=0)
2025-09-03T14:20:00.339-05:00 DEBUG 8148 --- [biblioteca] [HikariPool-1:housekeeper] com.zaxxer.hikari.pool.HikariPool        : HikariPool-1 - Fill pool skipped, pool has sufficient level or currently being filled.
2025-09-03T14:20:10.806-05:00 DEBUG 8148 --- [biblioteca] [HikariPool-1:housekeeper] com.zaxxer.hikari.pool.HikariPool        : HikariPool-1 - keepalive: connection oracle.jdbc.driver.T4CConnection@52a23e44 is alive
2025-09-03T14:20:12.155-05:00 DEBUG 8148 --- [biblioteca] [HikariPool-1:housekeeper] com.zaxxer.hikari.pool.HikariPool        : HikariPool-1 - keepalive: connection oracle.jdbc.driver.T4CConnection@6954becc is alive
2025-09-03T14:20:23.687-05:00 DEBUG 8148 --- [biblioteca] [HikariPool-1:housekeeper] com.zaxxer.hikari.pool.HikariPool        : HikariPool-1 - keepalive: connection oracle.jdbc.driver.T4CConnection@5697da04 is alive
2025-09-03T14:20:30.341-05:00 DEBUG 8148 --- [biblioteca] [HikariPool-1:housekeeper] com.zaxxer.hikari.pool.HikariPool        : HikariPool-1 - Pool stats (total=10/10, idle=10/10, active=0, waiting=0)
2025-09-03T14:20:30.341-05:00 DEBUG 8148 --- [biblioteca] [HikariPool-1:housekeeper] com.zaxxer.hikari.pool.HikariPool        : HikariPool-1 - Fill pool skipped, pool has sufficient level or currently being filled.
2025-09-03T14:21:00.344-05:00 DEBUG 8148 --- [biblioteca] [HikariPool-1:housekeeper] com.zaxxer.hikari.pool.HikariPool        : HikariPool-1 - Pool stats (total=10/10, idle=10/10, active=0, waiting=0)
2025-09-03T14:21:00.344-05:00 DEBUG 8148 --- [biblioteca] [HikariPool-1:housekeeper] com.zaxxer.hikari.pool.HikariPool        : HikariPool-1 - Fill pool skipped, pool has sufficient level or currently being filled.
2025-09-03T14:21:02.689-05:00 DEBUG 8148 --- [biblioteca] [HikariPool-1:housekeeper] com.zaxxer.hikari.pool.HikariPool        : HikariPool-1 - keepalive: connection oracle.jdbc.driver.T4CConnection@4751cd3 is alive
2025-09-03T14:21:05.918-05:00 DEBUG 8148 --- [biblioteca] [HikariPool-1:housekeeper] com.zaxxer.hikari.pool.HikariPool        : HikariPool-1 - keepalive: connection oracle.jdbc.driver.T4CConnection@6ab6f0a2 is alive
2025-09-03T14:21:16.363-05:00 DEBUG 8148 --- [biblioteca] [HikariPool-1:housekeeper] com.zaxxer.hikari.pool.HikariPool        : HikariPool-1 - keepalive: connection oracle.jdbc.driver.T4CConnection@6e492e16 is alive
2025-09-03T14:21:16.494-05:00 DEBUG 8148 --- [biblioteca] [HikariPool-1:housekeeper] com.zaxxer.hikari.pool.HikariPool        : HikariPool-1 - keepalive: connection oracle.jdbc.driver.T4CConnection@ba8b2df is alive
2025-09-03T14:21:19.988-05:00 DEBUG 8148 --- [biblioteca] [HikariPool-1:housekeeper] com.zaxxer.hikari.pool.HikariPool        : HikariPool-1 - keepalive: connection oracle.jdbc.driver.T4CConnection@2727ec27 is alive
2025-09-03T14:21:30.345-05:00 DEBUG 8148 --- [biblioteca] [HikariPool-1:housekeeper] com.zaxxer.hikari.pool.HikariPool        : HikariPool-1 - Pool stats (total=10/10, idle=10/10, active=0, waiting=0)
2025-09-03T14:21:30.345-05:00 DEBUG 8148 --- [biblioteca] [HikariPool-1:housekeeper] com.zaxxer.hikari.pool.HikariPool        : HikariPool-1 - Fill pool skipped, pool has sufficient level or currently being filled.
2025-09-03T14:21:37.765-05:00 DEBUG 8148 --- [biblioteca] [HikariPool-1:housekeeper] com.zaxxer.hikari.pool.HikariPool        : HikariPool-1 - keepalive: connection oracle.jdbc.driver.T4CConnection@38f8b5a8 is alive
2025-09-03T14:21:45.978-05:00 DEBUG 8148 --- [biblioteca] [HikariPool-1:housekeeper] com.zaxxer.hikari.pool.HikariPool        : HikariPool-1 - keepalive: connection oracle.jdbc.driver.T4CConnection@27e3a9d3 is alive
2025-09-03T14:22:00.346-05:00 DEBUG 8148 --- [biblioteca] [HikariPool-1:housekeeper] com.zaxxer.hikari.pool.HikariPool        : HikariPool-1 - Pool stats (total=10/10, idle=10/10, active=0, waiting=0)
2025-09-03T14:22:00.346-05:00 DEBUG 8148 --- [biblioteca] [HikariPool-1:housekeeper] com.zaxxer.hikari.pool.HikariPool        : HikariPool-1 - Fill pool skipped, pool has sufficient level or currently being filled.
2025-09-03T14:22:04.053-05:00 DEBUG 8148 --- [biblioteca] [HikariPool-1:housekeeper] com.zaxxer.hikari.pool.HikariPool        : HikariPool-1 - keepalive: connection oracle.jdbc.driver.T4CConnection@52a23e44 is alive
2025-09-03T14:22:05.935-05:00 DEBUG 8148 --- [biblioteca] [HikariPool-1:housekeeper] com.zaxxer.hikari.pool.HikariPool        : HikariPool-1 - keepalive: connection oracle.jdbc.driver.T4CConnection@6954becc is alive
2025-09-03T14:22:21.261-05:00 DEBUG 8148 --- [biblioteca] [HikariPool-1:housekeeper] com.zaxxer.hikari.pool.HikariPool        : HikariPool-1 - keepalive: connection oracle.jdbc.driver.T4CConnection@5697da04 is alive
2025-09-03T14:22:30.348-05:00 DEBUG 8148 --- [biblioteca] [HikariPool-1:housekeeper] com.zaxxer.hikari.pool.HikariPool        : HikariPool-1 - Pool stats (total=10/10, idle=10/10, active=0, waiting=0)
2025-09-03T14:22:30.348-05:00 DEBUG 8148 --- [biblioteca] [HikariPool-1:housekeeper] com.zaxxer.hikari.pool.HikariPool        : HikariPool-1 - Fill pool skipped, pool has sufficient level or currently being filled.
2025-09-03T14:22:40.819-05:00 DEBUG 8148 --- [biblioteca] [HikariPool-1:housekeeper] com.zaxxer.hikari.pool.HikariPool        : HikariPool-1 - keepalive: connection oracle.jdbc.driver.T4CConnection@4751cd3 is alive
2025-09-03T14:22:44.782-05:00 DEBUG 8148 --- [biblioteca] [HikariPool-1:housekeeper] com.zaxxer.hikari.pool.HikariPool        : HikariPool-1 - keepalive: connection oracle.jdbc.driver.T4CConnection@6ab6f0a2 is alive
2025-09-03T14:22:57.814-05:00 DEBUG 8148 --- [biblioteca] [HikariPool-1:housekeeper] com.zaxxer.hikari.pool.HikariPool        : HikariPool-1 - keepalive: connection oracle.jdbc.driver.T4CConnection@6e492e16 is alive
2025-09-03T14:22:57.956-05:00 DEBUG 8148 --- [biblioteca] [HikariPool-1:housekeeper] com.zaxxer.hikari.pool.HikariPool        : HikariPool-1 - keepalive: connection oracle.jdbc.driver.T4CConnection@ba8b2df is alive
2025-09-03T14:23:00.350-05:00 DEBUG 8148 --- [biblioteca] [HikariPool-1:housekeeper] com.zaxxer.hikari.pool.HikariPool        : HikariPool-1 - Pool stats (total=10/10, idle=10/10, active=0, waiting=0)
2025-09-03T14:23:00.350-05:00 DEBUG 8148 --- [biblioteca] [HikariPool-1:housekeeper] com.zaxxer.hikari.pool.HikariPool        : HikariPool-1 - Fill pool skipped, pool has sufficient level or currently being filled.
2025-09-03T14:23:02.190-05:00 DEBUG 8148 --- [biblioteca] [HikariPool-1:housekeeper] com.zaxxer.hikari.pool.HikariPool        : HikariPool-1 - keepalive: connection oracle.jdbc.driver.T4CConnection@2727ec27 is alive
2025-09-03T14:23:24.633-05:00 DEBUG 8148 --- [biblioteca] [HikariPool-1:housekeeper] com.zaxxer.hikari.pool.HikariPool        : HikariPool-1 - keepalive: connection oracle.jdbc.driver.T4CConnection@38f8b5a8 is alive
2025-09-03T14:23:30.358-05:00 DEBUG 8148 --- [biblioteca] [HikariPool-1:housekeeper] com.zaxxer.hikari.pool.HikariPool        : HikariPool-1 - Pool stats (total=10/10, idle=10/10, active=0, waiting=0)
2025-09-03T14:23:30.358-05:00 DEBUG 8148 --- [biblioteca] [HikariPool-1:housekeeper] com.zaxxer.hikari.pool.HikariPool        : HikariPool-1 - Fill pool skipped, pool has sufficient level or currently being filled.
2025-09-03T14:23:34.785-05:00 DEBUG 8148 --- [biblioteca] [HikariPool-1:housekeeper] com.zaxxer.hikari.pool.HikariPool        : HikariPool-1 - keepalive: connection oracle.jdbc.driver.T4CConnection@27e3a9d3 is alive
2025-09-03T14:23:57.300-05:00 DEBUG 8148 --- [biblioteca] [HikariPool-1:housekeeper] com.zaxxer.hikari.pool.HikariPool        : HikariPool-1 - keepalive: connection oracle.jdbc.driver.T4CConnection@52a23e44 is alive
2025-09-03T14:23:59.701-05:00 DEBUG 8148 --- [biblioteca] [HikariPool-1:housekeeper] com.zaxxer.hikari.pool.HikariPool        : HikariPool-1 - keepalive: connection oracle.jdbc.driver.T4CConnection@6954becc is alive
2025-09-03T14:24:00.365-05:00 DEBUG 8148 --- [biblioteca] [HikariPool-1:housekeeper] com.zaxxer.hikari.pool.HikariPool        : HikariPool-1 - Pool stats (total=10/10, idle=10/10, active=0, waiting=0)
2025-09-03T14:24:00.365-05:00 DEBUG 8148 --- [biblioteca] [HikariPool-1:housekeeper] com.zaxxer.hikari.pool.HikariPool        : HikariPool-1 - Fill pool skipped, pool has sufficient level or currently being filled.
2025-09-03T14:24:18.839-05:00 DEBUG 8148 --- [biblioteca] [HikariPool-1:housekeeper] com.zaxxer.hikari.pool.HikariPool        : HikariPool-1 - keepalive: connection oracle.jdbc.driver.T4CConnection@5697da04 is alive
2025-09-03T14:24:18.947-05:00 DEBUG 8148 --- [biblioteca] [HikariPool-1:housekeeper] com.zaxxer.hikari.pool.HikariPool        : HikariPool-1 - keepalive: connection oracle.jdbc.driver.T4CConnection@4751cd3 is alive
2025-09-03T14:24:23.644-05:00 DEBUG 8148 --- [biblioteca] [HikariPool-1:housekeeper] com.zaxxer.hikari.pool.HikariPool        : HikariPool-1 - keepalive: connection oracle.jdbc.driver.T4CConnection@6ab6f0a2 is alive
2025-09-03T14:24:30.366-05:00 DEBUG 8148 --- [biblioteca] [HikariPool-1:housekeeper] com.zaxxer.hikari.pool.HikariPool        : HikariPool-1 - Pool stats (total=10/10, idle=10/10, active=0, waiting=0)
2025-09-03T14:24:30.366-05:00 DEBUG 8148 --- [biblioteca] [HikariPool-1:housekeeper] com.zaxxer.hikari.pool.HikariPool        : HikariPool-1 - Fill pool skipped, pool has sufficient level or currently being filled.
2025-09-03T14:24:39.266-05:00 DEBUG 8148 --- [biblioteca] [HikariPool-1:housekeeper] com.zaxxer.hikari.pool.HikariPool        : HikariPool-1 - keepalive: connection oracle.jdbc.driver.T4CConnection@6e492e16 is alive
2025-09-03T14:24:39.417-05:00 DEBUG 8148 --- [biblioteca] [HikariPool-1:housekeeper] com.zaxxer.hikari.pool.HikariPool        : HikariPool-1 - keepalive: connection oracle.jdbc.driver.T4CConnection@ba8b2df is alive
2025-09-03T14:24:44.392-05:00 DEBUG 8148 --- [biblioteca] [HikariPool-1:housekeeper] com.zaxxer.hikari.pool.HikariPool        : HikariPool-1 - keepalive: connection oracle.jdbc.driver.T4CConnection@2727ec27 is alive
2025-09-03T14:25:00.367-05:00 DEBUG 8148 --- [biblioteca] [HikariPool-1:housekeeper] com.zaxxer.hikari.pool.HikariPool        : HikariPool-1 - Pool stats (total=10/10, idle=10/10, active=0, waiting=0)
2025-09-03T14:25:00.367-05:00 DEBUG 8148 --- [biblioteca] [HikariPool-1:housekeeper] com.zaxxer.hikari.pool.HikariPool        : HikariPool-1 - Fill pool skipped, pool has sufficient level or currently being filled.
2025-09-03T14:25:11.488-05:00 DEBUG 8148 --- [biblioteca] [HikariPool-1:housekeeper] com.zaxxer.hikari.pool.HikariPool        : HikariPool-1 - keepalive: connection oracle.jdbc.driver.T4CConnection@38f8b5a8 is alive
2025-09-03T14:25:23.591-05:00 DEBUG 8148 --- [biblioteca] [HikariPool-1:housekeeper] com.zaxxer.hikari.pool.HikariPool        : HikariPool-1 - keepalive: connection oracle.jdbc.driver.T4CConnection@27e3a9d3 is alive
2025-09-03T14:25:30.369-05:00 DEBUG 8148 --- [biblioteca] [HikariPool-1:housekeeper] com.zaxxer.hikari.pool.HikariPool        : HikariPool-1 - Pool stats (total=10/10, idle=10/10, active=0, waiting=0)
2025-09-03T14:25:30.369-05:00 DEBUG 8148 --- [biblioteca] [HikariPool-1:housekeeper] com.zaxxer.hikari.pool.HikariPool        : HikariPool-1 - Fill pool skipped, pool has sufficient level or currently being filled.
2025-09-03T14:25:50.545-05:00 DEBUG 8148 --- [biblioteca] [HikariPool-1:housekeeper] com.zaxxer.hikari.pool.HikariPool        : HikariPool-1 - keepalive: connection oracle.jdbc.driver.T4CConnection@52a23e44 is alive
2025-09-03T14:25:53.481-05:00 DEBUG 8148 --- [biblioteca] [HikariPool-1:housekeeper] com.zaxxer.hikari.pool.HikariPool        : HikariPool-1 - keepalive: connection oracle.jdbc.driver.T4CConnection@6954becc is alive
2025-09-03T14:25:57.080-05:00 DEBUG 8148 --- [biblioteca] [HikariPool-1:housekeeper] com.zaxxer.hikari.pool.HikariPool        : HikariPool-1 - keepalive: connection oracle.jdbc.driver.T4CConnection@4751cd3 is alive
2025-09-03T14:26:00.382-05:00 DEBUG 8148 --- [biblioteca] [HikariPool-1:housekeeper] com.zaxxer.hikari.pool.HikariPool        : HikariPool-1 - Pool stats (total=10/10, idle=10/10, active=0, waiting=0)
2025-09-03T14:26:00.382-05:00 DEBUG 8148 --- [biblioteca] [HikariPool-1:housekeeper] com.zaxxer.hikari.pool.HikariPool        : HikariPool-1 - Fill pool skipped, pool has sufficient level or currently being filled.
2025-09-03T14:26:02.513-05:00 DEBUG 8148 --- [biblioteca] [HikariPool-1:housekeeper] com.zaxxer.hikari.pool.HikariPool        : HikariPool-1 - keepalive: connection oracle.jdbc.driver.T4CConnection@6ab6f0a2 is alive
2025-09-03T14:26:16.418-05:00 DEBUG 8148 --- [biblioteca] [HikariPool-1:housekeeper] com.zaxxer.hikari.pool.HikariPool        : HikariPool-1 - keepalive: connection oracle.jdbc.driver.T4CConnection@5697da04 is alive
2025-09-03T14:26:20.722-05:00 DEBUG 8148 --- [biblioteca] [HikariPool-1:housekeeper] com.zaxxer.hikari.pool.HikariPool        : HikariPool-1 - keepalive: connection oracle.jdbc.driver.T4CConnection@6e492e16 is alive
2025-09-03T14:26:20.878-05:00 DEBUG 8148 --- [biblioteca] [HikariPool-1:housekeeper] com.zaxxer.hikari.pool.HikariPool        : HikariPool-1 - keepalive: connection oracle.jdbc.driver.T4CConnection@ba8b2df is alive
2025-09-03T14:26:26.593-05:00 DEBUG 8148 --- [biblioteca] [HikariPool-1:housekeeper] com.zaxxer.hikari.pool.HikariPool        : HikariPool-1 - keepalive: connection oracle.jdbc.driver.T4CConnection@2727ec27 is alive
2025-09-03T14:26:30.391-05:00 DEBUG 8148 --- [biblioteca] [HikariPool-1:housekeeper] com.zaxxer.hikari.pool.HikariPool        : HikariPool-1 - Pool stats (total=10/10, idle=10/10, active=0, waiting=0)
2025-09-03T14:26:30.391-05:00 DEBUG 8148 --- [biblioteca] [HikariPool-1:housekeeper] com.zaxxer.hikari.pool.HikariPool        : HikariPool-1 - Fill pool skipped, pool has sufficient level or currently being filled.
2025-09-03T14:26:58.348-05:00 DEBUG 8148 --- [biblioteca] [HikariPool-1:housekeeper] com.zaxxer.hikari.pool.HikariPool        : HikariPool-1 - keepalive: connection oracle.jdbc.driver.T4CConnection@38f8b5a8 is alive
2025-09-03T14:27:00.392-05:00 DEBUG 8148 --- [biblioteca] [HikariPool-1:housekeeper] com.zaxxer.hikari.pool.HikariPool        : HikariPool-1 - Pool stats (total=10/10, idle=10/10, active=0, waiting=0)
2025-09-03T14:27:00.392-05:00 DEBUG 8148 --- [biblioteca] [HikariPool-1:housekeeper] com.zaxxer.hikari.pool.HikariPool        : HikariPool-1 - Fill pool skipped, pool has sufficient level or currently being filled.
2025-09-03T14:27:12.399-05:00 DEBUG 8148 --- [biblioteca] [HikariPool-1:housekeeper] com.zaxxer.hikari.pool.HikariPool        : HikariPool-1 - keepalive: connection oracle.jdbc.driver.T4CConnection@27e3a9d3 is alive
2025-09-03T14:27:30.402-05:00 DEBUG 8148 --- [biblioteca] [HikariPool-1:housekeeper] com.zaxxer.hikari.pool.HikariPool        : HikariPool-1 - Pool stats (total=10/10, idle=10/10, active=0, waiting=0)
2025-09-03T14:27:30.402-05:00 DEBUG 8148 --- [biblioteca] [HikariPool-1:housekeeper] com.zaxxer.hikari.pool.HikariPool        : HikariPool-1 - Fill pool skipped, pool has sufficient level or currently being filled.
2025-09-03T14:27:35.220-05:00 DEBUG 8148 --- [biblioteca] [HikariPool-1:housekeeper] com.zaxxer.hikari.pool.HikariPool        : HikariPool-1 - keepalive: connection oracle.jdbc.driver.T4CConnection@4751cd3 is alive
2025-09-03T14:27:41.382-05:00 DEBUG 8148 --- [biblioteca] [HikariPool-1:housekeeper] com.zaxxer.hikari.pool.HikariPool        : HikariPool-1 - keepalive: connection oracle.jdbc.driver.T4CConnection@6ab6f0a2 is alive
2025-09-03T14:27:43.794-05:00 DEBUG 8148 --- [biblioteca] [HikariPool-1:housekeeper] com.zaxxer.hikari.pool.HikariPool        : HikariPool-1 - keepalive: connection oracle.jdbc.driver.T4CConnection@52a23e44 is alive
2025-09-03T14:27:47.262-05:00 DEBUG 8148 --- [biblioteca] [HikariPool-1:housekeeper] com.zaxxer.hikari.pool.HikariPool        : HikariPool-1 - keepalive: connection oracle.jdbc.driver.T4CConnection@6954becc is alive
2025-09-03T14:28:00.416-05:00 DEBUG 8148 --- [biblioteca] [HikariPool-1:housekeeper] com.zaxxer.hikari.pool.HikariPool        : HikariPool-1 - Pool stats (total=10/10, idle=10/10, active=0, waiting=0)
2025-09-03T14:28:00.416-05:00 DEBUG 8148 --- [biblioteca] [HikariPool-1:housekeeper] com.zaxxer.hikari.pool.HikariPool        : HikariPool-1 - Fill pool skipped, pool has sufficient level or currently being filled.
2025-09-03T14:28:02.182-05:00 DEBUG 8148 --- [biblioteca] [HikariPool-1:housekeeper] com.zaxxer.hikari.pool.HikariPool        : HikariPool-1 - keepalive: connection oracle.jdbc.driver.T4CConnection@6e492e16 is alive
2025-09-03T14:28:02.339-05:00 DEBUG 8148 --- [biblioteca] [HikariPool-1:housekeeper] com.zaxxer.hikari.pool.HikariPool        : HikariPool-1 - keepalive: connection oracle.jdbc.driver.T4CConnection@ba8b2df is alive
2025-09-03T14:28:08.804-05:00 DEBUG 8148 --- [biblioteca] [HikariPool-1:housekeeper] com.zaxxer.hikari.pool.HikariPool        : HikariPool-1 - keepalive: connection oracle.jdbc.driver.T4CConnection@2727ec27 is alive
2025-09-03T14:28:13.998-05:00 DEBUG 8148 --- [biblioteca] [HikariPool-1:housekeeper] com.zaxxer.hikari.pool.HikariPool        : HikariPool-1 - keepalive: connection oracle.jdbc.driver.T4CConnection@5697da04 is alive
2025-09-03T14:28:30.421-05:00 DEBUG 8148 --- [biblioteca] [HikariPool-1:housekeeper] com.zaxxer.hikari.pool.HikariPool        : HikariPool-1 - Pool stats (total=10/10, idle=10/10, active=0, waiting=0)
2025-09-03T14:28:30.421-05:00 DEBUG 8148 --- [biblioteca] [HikariPool-1:housekeeper] com.zaxxer.hikari.pool.HikariPool        : HikariPool-1 - Fill pool skipped, pool has sufficient level or currently being filled.
2025-09-03T14:28:45.212-05:00 DEBUG 8148 --- [biblioteca] [HikariPool-1:housekeeper] com.zaxxer.hikari.pool.HikariPool        : HikariPool-1 - keepalive: connection oracle.jdbc.driver.T4CConnection@38f8b5a8 is alive
2025-09-03T14:29:00.427-05:00 DEBUG 8148 --- [biblioteca] [HikariPool-1:housekeeper] com.zaxxer.hikari.pool.HikariPool        : HikariPool-1 - Pool stats (total=10/10, idle=10/10, active=0, waiting=0)
2025-09-03T14:29:00.427-05:00 DEBUG 8148 --- [biblioteca] [HikariPool-1:housekeeper] com.zaxxer.hikari.pool.HikariPool        : HikariPool-1 - Fill pool skipped, pool has sufficient level or currently being filled.
2025-09-03T14:29:01.207-05:00 DEBUG 8148 --- [biblioteca] [HikariPool-1:housekeeper] com.zaxxer.hikari.pool.HikariPool        : HikariPool-1 - keepalive: connection oracle.jdbc.driver.T4CConnection@27e3a9d3 is alive
2025-09-03T14:29:13.364-05:00 DEBUG 8148 --- [biblioteca] [HikariPool-1:housekeeper] com.zaxxer.hikari.pool.HikariPool        : HikariPool-1 - keepalive: connection oracle.jdbc.driver.T4CConnection@4751cd3 is alive
2025-09-03T14:29:20.254-05:00 DEBUG 8148 --- [biblioteca] [HikariPool-1:housekeeper] com.zaxxer.hikari.pool.HikariPool        : HikariPool-1 - keepalive: connection oracle.jdbc.driver.T4CConnection@6ab6f0a2 is alive
2025-09-03T14:29:30.438-05:00 DEBUG 8148 --- [biblioteca] [HikariPool-1:housekeeper] com.zaxxer.hikari.pool.HikariPool        : HikariPool-1 - Pool stats (total=10/10, idle=10/10, active=0, waiting=0)
2025-09-03T14:29:30.438-05:00 DEBUG 8148 --- [biblioteca] [HikariPool-1:housekeeper] com.zaxxer.hikari.pool.HikariPool        : HikariPool-1 - Fill pool skipped, pool has sufficient level or currently being filled.
2025-09-03T14:29:37.051-05:00 DEBUG 8148 --- [biblioteca] [HikariPool-1:housekeeper] com.zaxxer.hikari.pool.HikariPool        : HikariPool-1 - keepalive: connection oracle.jdbc.driver.T4CConnection@52a23e44 is alive
2025-09-03T14:29:41.040-05:00 DEBUG 8148 --- [biblioteca] [HikariPool-1:housekeeper] com.zaxxer.hikari.pool.HikariPool        : HikariPool-1 - keepalive: connection oracle.jdbc.driver.T4CConnection@6954becc is alive
2025-09-03T14:29:43.639-05:00 DEBUG 8148 --- [biblioteca] [HikariPool-1:housekeeper] com.zaxxer.hikari.pool.HikariPool        : HikariPool-1 - keepalive: connection oracle.jdbc.driver.T4CConnection@6e492e16 is alive
2025-09-03T14:29:43.810-05:00 DEBUG 8148 --- [biblioteca] [HikariPool-1:housekeeper] com.zaxxer.hikari.pool.HikariPool        : HikariPool-1 - keepalive: connection oracle.jdbc.driver.T4CConnection@ba8b2df is alive
2025-09-03T14:29:51.016-05:00 DEBUG 8148 --- [biblioteca] [HikariPool-1:housekeeper] com.zaxxer.hikari.pool.HikariPool        : HikariPool-1 - keepalive: connection oracle.jdbc.driver.T4CConnection@2727ec27 is alive
2025-09-03T14:30:00.443-05:00 DEBUG 8148 --- [biblioteca] [HikariPool-1:housekeeper] com.zaxxer.hikari.pool.HikariPool        : HikariPool-1 - Pool stats (total=10/10, idle=10/10, active=0, waiting=0)
2025-09-03T14:30:00.443-05:00 DEBUG 8148 --- [biblioteca] [HikariPool-1:housekeeper] com.zaxxer.hikari.pool.HikariPool        : HikariPool-1 - Fill pool skipped, pool has sufficient level or currently being filled.
2025-09-03T14:30:11.575-05:00 DEBUG 8148 --- [biblioteca] [HikariPool-1:housekeeper] com.zaxxer.hikari.pool.HikariPool        : HikariPool-1 - keepalive: connection oracle.jdbc.driver.T4CConnection@5697da04 is alive
2025-09-03T14:30:30.452-05:00 DEBUG 8148 --- [biblioteca] [HikariPool-1:housekeeper] com.zaxxer.hikari.pool.HikariPool        : HikariPool-1 - Pool stats (total=10/10, idle=10/10, active=0, waiting=0)
2025-09-03T14:30:30.452-05:00 DEBUG 8148 --- [biblioteca] [HikariPool-1:housekeeper] com.zaxxer.hikari.pool.HikariPool        : HikariPool-1 - Fill pool skipped, pool has sufficient level or currently being filled.
2025-09-03T14:30:32.067-05:00 DEBUG 8148 --- [biblioteca] [HikariPool-1:housekeeper] com.zaxxer.hikari.pool.HikariPool        : HikariPool-1 - keepalive: connection oracle.jdbc.driver.T4CConnection@38f8b5a8 is alive
2025-09-03T14:30:50.022-05:00 DEBUG 8148 --- [biblioteca] [HikariPool-1:housekeeper] com.zaxxer.hikari.pool.HikariPool        : HikariPool-1 - keepalive: connection oracle.jdbc.driver.T4CConnection@27e3a9d3 is alive
2025-09-03T14:30:51.494-05:00 DEBUG 8148 --- [biblioteca] [HikariPool-1:housekeeper] com.zaxxer.hikari.pool.HikariPool        : HikariPool-1 - keepalive: connection oracle.jdbc.driver.T4CConnection@4751cd3 is alive
2025-09-03T14:30:59.119-05:00 DEBUG 8148 --- [biblioteca] [HikariPool-1:housekeeper] com.zaxxer.hikari.pool.HikariPool        : HikariPool-1 - keepalive: connection oracle.jdbc.driver.T4CConnection@6ab6f0a2 is alive
2025-09-03T14:31:00.461-05:00 DEBUG 8148 --- [biblioteca] [HikariPool-1:housekeeper] com.zaxxer.hikari.pool.HikariPool        : HikariPool-1 - Pool stats (total=10/10, idle=10/10, active=0, waiting=0)
2025-09-03T14:31:00.461-05:00 DEBUG 8148 --- [biblioteca] [HikariPool-1:housekeeper] com.zaxxer.hikari.pool.HikariPool        : HikariPool-1 - Fill pool skipped, pool has sufficient level or currently being filled.
2025-09-03T14:31:25.091-05:00 DEBUG 8148 --- [biblioteca] [HikariPool-1:housekeeper] com.zaxxer.hikari.pool.HikariPool        : HikariPool-1 - keepalive: connection oracle.jdbc.driver.T4CConnection@6e492e16 is alive
2025-09-03T14:31:25.279-05:00 DEBUG 8148 --- [biblioteca] [HikariPool-1:housekeeper] com.zaxxer.hikari.pool.HikariPool        : HikariPool-1 - keepalive: connection oracle.jdbc.driver.T4CConnection@ba8b2df is alive
2025-09-03T14:31:30.303-05:00 DEBUG 8148 --- [biblioteca] [HikariPool-1:housekeeper] com.zaxxer.hikari.pool.HikariPool        : HikariPool-1 - keepalive: connection oracle.jdbc.driver.T4CConnection@52a23e44 is alive
2025-09-03T14:31:30.472-05:00 DEBUG 8148 --- [biblioteca] [HikariPool-1:housekeeper] com.zaxxer.hikari.pool.HikariPool        : HikariPool-1 - Pool stats (total=10/10, idle=10/10, active=0, waiting=0)
2025-09-03T14:31:30.472-05:00 DEBUG 8148 --- [biblioteca] [HikariPool-1:housekeeper] com.zaxxer.hikari.pool.HikariPool        : HikariPool-1 - Fill pool skipped, pool has sufficient level or currently being filled.
2025-09-03T14:31:33.219-05:00 DEBUG 8148 --- [biblioteca] [HikariPool-1:housekeeper] com.zaxxer.hikari.pool.HikariPool        : HikariPool-1 - keepalive: connection oracle.jdbc.driver.T4CConnection@2727ec27 is alive
2025-09-03T14:31:34.818-05:00 DEBUG 8148 --- [biblioteca] [HikariPool-1:housekeeper] com.zaxxer.hikari.pool.HikariPool        : HikariPool-1 - keepalive: connection oracle.jdbc.driver.T4CConnection@6954becc is alive
2025-09-03T14:32:00.478-05:00 DEBUG 8148 --- [biblioteca] [HikariPool-1:housekeeper] com.zaxxer.hikari.pool.HikariPool        : HikariPool-1 - Pool stats (total=10/10, idle=10/10, active=0, waiting=0)
2025-09-03T14:32:00.478-05:00 DEBUG 8148 --- [biblioteca] [HikariPool-1:housekeeper] com.zaxxer.hikari.pool.HikariPool        : HikariPool-1 - Fill pool skipped, pool has sufficient level or currently being filled.
2025-09-03T14:32:09.163-05:00 DEBUG 8148 --- [biblioteca] [HikariPool-1:housekeeper] com.zaxxer.hikari.pool.HikariPool        : HikariPool-1 - keepalive: connection oracle.jdbc.driver.T4CConnection@5697da04 is alive
2025-09-03T14:32:18.936-05:00 DEBUG 8148 --- [biblioteca] [HikariPool-1:housekeeper] com.zaxxer.hikari.pool.HikariPool        : HikariPool-1 - keepalive: connection oracle.jdbc.driver.T4CConnection@38f8b5a8 is alive
2025-09-03T14:32:29.634-05:00 DEBUG 8148 --- [biblioteca] [HikariPool-1:housekeeper] com.zaxxer.hikari.pool.HikariPool        : HikariPool-1 - keepalive: connection oracle.jdbc.driver.T4CConnection@4751cd3 is alive
2025-09-03T14:32:30.481-05:00 DEBUG 8148 --- [biblioteca] [HikariPool-1:housekeeper] com.zaxxer.hikari.pool.HikariPool        : HikariPool-1 - Pool stats (total=10/10, idle=10/10, active=0, waiting=0)
2025-09-03T14:32:30.481-05:00 DEBUG 8148 --- [biblioteca] [HikariPool-1:housekeeper] com.zaxxer.hikari.pool.HikariPool        : HikariPool-1 - Fill pool skipped, pool has sufficient level or currently being filled.
2025-09-03T14:32:37.993-05:00 DEBUG 8148 --- [biblioteca] [HikariPool-1:housekeeper] com.zaxxer.hikari.pool.HikariPool        : HikariPool-1 - keepalive: connection oracle.jdbc.driver.T4CConnection@6ab6f0a2 is alive
2025-09-03T14:32:38.835-05:00 DEBUG 8148 --- [biblioteca] [HikariPool-1:housekeeper] com.zaxxer.hikari.pool.HikariPool        : HikariPool-1 - keepalive: connection oracle.jdbc.driver.T4CConnection@27e3a9d3 is alive
2025-09-03T14:33:00.489-05:00 DEBUG 8148 --- [biblioteca] [HikariPool-1:housekeeper] com.zaxxer.hikari.pool.HikariPool        : HikariPool-1 - Pool stats (total=10/10, idle=10/10, active=0, waiting=0)
2025-09-03T14:33:00.489-05:00 DEBUG 8148 --- [biblioteca] [HikariPool-1:housekeeper] com.zaxxer.hikari.pool.HikariPool        : HikariPool-1 - Fill pool skipped, pool has sufficient level or currently being filled.
2025-09-03T14:33:06.557-05:00 DEBUG 8148 --- [biblioteca] [HikariPool-1:housekeeper] com.zaxxer.hikari.pool.HikariPool        : HikariPool-1 - keepalive: connection oracle.jdbc.driver.T4CConnection@6e492e16 is alive
2025-09-03T14:33:06.745-05:00 DEBUG 8148 --- [biblioteca] [HikariPool-1:housekeeper] com.zaxxer.hikari.pool.HikariPool        : HikariPool-1 - keepalive: connection oracle.jdbc.driver.T4CConnection@ba8b2df is alive
2025-09-03T14:33:15.431-05:00 DEBUG 8148 --- [biblioteca] [HikariPool-1:housekeeper] com.zaxxer.hikari.pool.HikariPool        : HikariPool-1 - keepalive: connection oracle.jdbc.driver.T4CConnection@2727ec27 is alive
2025-09-03T14:33:23.553-05:00 DEBUG 8148 --- [biblioteca] [HikariPool-1:housekeeper] com.zaxxer.hikari.pool.HikariPool        : HikariPool-1 - keepalive: connection oracle.jdbc.driver.T4CConnection@52a23e44 is alive
2025-09-03T14:33:28.595-05:00 DEBUG 8148 --- [biblioteca] [HikariPool-1:housekeeper] com.zaxxer.hikari.pool.HikariPool        : HikariPool-1 - keepalive: connection oracle.jdbc.driver.T4CConnection@6954becc is alive
2025-09-03T14:33:30.497-05:00 DEBUG 8148 --- [biblioteca] [HikariPool-1:housekeeper] com.zaxxer.hikari.pool.HikariPool        : HikariPool-1 - Pool stats (total=10/10, idle=10/10, active=0, waiting=0)
2025-09-03T14:33:30.497-05:00 DEBUG 8148 --- [biblioteca] [HikariPool-1:housekeeper] com.zaxxer.hikari.pool.HikariPool        : HikariPool-1 - Fill pool skipped, pool has sufficient level or currently being filled.
2025-09-03T14:34:00.511-05:00 DEBUG 8148 --- [biblioteca] [HikariPool-1:housekeeper] com.zaxxer.hikari.pool.HikariPool        : HikariPool-1 - Pool stats (total=10/10, idle=10/10, active=0, waiting=0)
2025-09-03T14:34:00.511-05:00 DEBUG 8148 --- [biblioteca] [HikariPool-1:housekeeper] com.zaxxer.hikari.pool.HikariPool        : HikariPool-1 - Fill pool skipped, pool has sufficient level or currently being filled.
2025-09-03T14:34:05.802-05:00 DEBUG 8148 --- [biblioteca] [HikariPool-1:housekeeper] com.zaxxer.hikari.pool.HikariPool        : HikariPool-1 - keepalive: connection oracle.jdbc.driver.T4CConnection@38f8b5a8 is alive
2025-09-03T14:34:06.742-05:00 DEBUG 8148 --- [biblioteca] [HikariPool-1:housekeeper] com.zaxxer.hikari.pool.HikariPool        : HikariPool-1 - keepalive: connection oracle.jdbc.driver.T4CConnection@5697da04 is alive
2025-09-03T14:34:07.777-05:00 DEBUG 8148 --- [biblioteca] [HikariPool-1:housekeeper] com.zaxxer.hikari.pool.HikariPool        : HikariPool-1 - keepalive: connection oracle.jdbc.driver.T4CConnection@4751cd3 is alive
2025-09-03T14:34:16.865-05:00 DEBUG 8148 --- [biblioteca] [HikariPool-1:housekeeper] com.zaxxer.hikari.pool.HikariPool        : HikariPool-1 - keepalive: connection oracle.jdbc.driver.T4CConnection@6ab6f0a2 is alive
2025-09-03T14:34:27.653-05:00 DEBUG 8148 --- [biblioteca] [HikariPool-1:housekeeper] com.zaxxer.hikari.pool.HikariPool        : HikariPool-1 - keepalive: connection oracle.jdbc.driver.T4CConnection@27e3a9d3 is alive
2025-09-03T14:34:30.518-05:00 DEBUG 8148 --- [biblioteca] [HikariPool-1:housekeeper] com.zaxxer.hikari.pool.HikariPool        : HikariPool-1 - Pool stats (total=10/10, idle=10/10, active=0, waiting=0)
2025-09-03T14:34:30.518-05:00 DEBUG 8148 --- [biblioteca] [HikariPool-1:housekeeper] com.zaxxer.hikari.pool.HikariPool        : HikariPool-1 - Fill pool skipped, pool has sufficient level or currently being filled.
2025-09-03T14:34:48.015-05:00 DEBUG 8148 --- [biblioteca] [HikariPool-1:housekeeper] com.zaxxer.hikari.pool.HikariPool        : HikariPool-1 - keepalive: connection oracle.jdbc.driver.T4CConnection@6e492e16 is alive
2025-09-03T14:34:48.219-05:00 DEBUG 8148 --- [biblioteca] [HikariPool-1:housekeeper] com.zaxxer.hikari.pool.HikariPool        : HikariPool-1 - keepalive: connection oracle.jdbc.driver.T4CConnection@ba8b2df is alive
2025-09-03T14:34:57.641-05:00 DEBUG 8148 --- [biblioteca] [HikariPool-1:housekeeper] com.zaxxer.hikari.pool.HikariPool        : HikariPool-1 - keepalive: connection oracle.jdbc.driver.T4CConnection@2727ec27 is alive
2025-09-03T14:35:00.532-05:00 DEBUG 8148 --- [biblioteca] [HikariPool-1:housekeeper] com.zaxxer.hikari.pool.HikariPool        : HikariPool-1 - Pool stats (total=10/10, idle=10/10, active=0, waiting=0)
2025-09-03T14:35:00.532-05:00 DEBUG 8148 --- [biblioteca] [HikariPool-1:housekeeper] com.zaxxer.hikari.pool.HikariPool        : HikariPool-1 - Fill pool skipped, pool has sufficient level or currently being filled.
2025-09-03T14:35:16.802-05:00 DEBUG 8148 --- [biblioteca] [HikariPool-1:housekeeper] com.zaxxer.hikari.pool.HikariPool        : HikariPool-1 - keepalive: connection oracle.jdbc.driver.T4CConnection@52a23e44 is alive
2025-09-03T14:35:22.365-05:00 DEBUG 8148 --- [biblioteca] [HikariPool-1:housekeeper] com.zaxxer.hikari.pool.HikariPool        : HikariPool-1 - keepalive: connection oracle.jdbc.driver.T4CConnection@6954becc is alive
2025-09-03T14:35:30.534-05:00 DEBUG 8148 --- [biblioteca] [HikariPool-1:housekeeper] com.zaxxer.hikari.pool.HikariPool        : HikariPool-1 - Pool stats (total=10/10, idle=10/10, active=0, waiting=0)
2025-09-03T14:35:30.534-05:00 DEBUG 8148 --- [biblioteca] [HikariPool-1:housekeeper] com.zaxxer.hikari.pool.HikariPool        : HikariPool-1 - Fill pool skipped, pool has sufficient level or currently being filled.
2025-09-03T14:35:45.908-05:00 DEBUG 8148 --- [biblioteca] [HikariPool-1:housekeeper] com.zaxxer.hikari.pool.HikariPool        : HikariPool-1 - keepalive: connection oracle.jdbc.driver.T4CConnection@4751cd3 is alive
2025-09-03T14:35:52.659-05:00 DEBUG 8148 --- [biblioteca] [HikariPool-1:housekeeper] com.zaxxer.hikari.pool.HikariPool        : HikariPool-1 - keepalive: connection oracle.jdbc.driver.T4CConnection@38f8b5a8 is alive
2025-09-03T14:35:55.731-05:00 DEBUG 8148 --- [biblioteca] [HikariPool-1:housekeeper] com.zaxxer.hikari.pool.HikariPool        : HikariPool-1 - keepalive: connection oracle.jdbc.driver.T4CConnection@6ab6f0a2 is alive
2025-09-03T14:36:00.538-05:00 DEBUG 8148 --- [biblioteca] [HikariPool-1:housekeeper] com.zaxxer.hikari.pool.HikariPool        : HikariPool-1 - Pool stats (total=10/10, idle=10/10, active=0, waiting=0)
2025-09-03T14:36:00.538-05:00 DEBUG 8148 --- [biblioteca] [HikariPool-1:housekeeper] com.zaxxer.hikari.pool.HikariPool        : HikariPool-1 - Fill pool skipped, pool has sufficient level or currently being filled.
2025-09-03T14:36:04.317-05:00 DEBUG 8148 --- [biblioteca] [HikariPool-1:housekeeper] com.zaxxer.hikari.pool.HikariPool        : HikariPool-1 - keepalive: connection oracle.jdbc.driver.T4CConnection@5697da04 is alive
2025-09-03T14:36:16.461-05:00 DEBUG 8148 --- [biblioteca] [HikariPool-1:housekeeper] com.zaxxer.hikari.pool.HikariPool        : HikariPool-1 - keepalive: connection oracle.jdbc.driver.T4CConnection@27e3a9d3 is alive
2025-09-03T14:36:29.465-05:00 DEBUG 8148 --- [biblioteca] [HikariPool-1:housekeeper] com.zaxxer.hikari.pool.HikariPool        : HikariPool-1 - keepalive: connection oracle.jdbc.driver.T4CConnection@6e492e16 is alive
2025-09-03T14:36:29.687-05:00 DEBUG 8148 --- [biblioteca] [HikariPool-1:housekeeper] com.zaxxer.hikari.pool.HikariPool        : HikariPool-1 - keepalive: connection oracle.jdbc.driver.T4CConnection@ba8b2df is alive
2025-09-03T14:36:30.549-05:00 DEBUG 8148 --- [biblioteca] [HikariPool-1:housekeeper] com.zaxxer.hikari.pool.HikariPool        : HikariPool-1 - Pool stats (total=10/10, idle=10/10, active=0, waiting=0)
2025-09-03T14:36:30.549-05:00 DEBUG 8148 --- [biblioteca] [HikariPool-1:housekeeper] com.zaxxer.hikari.pool.HikariPool        : HikariPool-1 - Fill pool skipped, pool has sufficient level or currently being filled.
2025-09-03T14:36:39.852-05:00 DEBUG 8148 --- [biblioteca] [HikariPool-1:housekeeper] com.zaxxer.hikari.pool.HikariPool        : HikariPool-1 - keepalive: connection oracle.jdbc.driver.T4CConnection@2727ec27 is alive
2025-09-03T14:37:00.550-05:00 DEBUG 8148 --- [biblioteca] [HikariPool-1:housekeeper] com.zaxxer.hikari.pool.HikariPool        : HikariPool-1 - Pool stats (total=10/10, idle=10/10, active=0, waiting=0)
2025-09-03T14:37:00.550-05:00 DEBUG 8148 --- [biblioteca] [HikariPool-1:housekeeper] com.zaxxer.hikari.pool.HikariPool        : HikariPool-1 - Fill pool skipped, pool has sufficient level or currently being filled.
2025-09-03T14:37:10.060-05:00 DEBUG 8148 --- [biblioteca] [HikariPool-1:housekeeper] com.zaxxer.hikari.pool.HikariPool        : HikariPool-1 - keepalive: connection oracle.jdbc.driver.T4CConnection@52a23e44 is alive
2025-09-03T14:37:16.142-05:00 DEBUG 8148 --- [biblioteca] [HikariPool-1:housekeeper] com.zaxxer.hikari.pool.HikariPool        : HikariPool-1 - keepalive: connection oracle.jdbc.driver.T4CConnection@6954becc is alive
2025-09-03T14:37:24.051-05:00 DEBUG 8148 --- [biblioteca] [HikariPool-1:housekeeper] com.zaxxer.hikari.pool.HikariPool        : HikariPool-1 - keepalive: connection oracle.jdbc.driver.T4CConnection@4751cd3 is alive
2025-09-03T14:37:30.551-05:00 DEBUG 8148 --- [biblioteca] [HikariPool-1:housekeeper] com.zaxxer.hikari.pool.HikariPool        : HikariPool-1 - Pool stats (total=10/10, idle=10/10, active=0, waiting=0)
2025-09-03T14:37:30.551-05:00 DEBUG 8148 --- [biblioteca] [HikariPool-1:housekeeper] com.zaxxer.hikari.pool.HikariPool        : HikariPool-1 - Fill pool skipped, pool has sufficient level or currently being filled.
2025-09-03T14:37:30.802-05:00 DEBUG 8148 --- [biblioteca] [HikariPool-1:connection-closer] com.zaxxer.hikari.pool.PoolBase          : HikariPool-1 - Closing connection oracle.jdbc.driver.T4CConnection@27e3a9d3: (connection has passed maxLifetime)
2025-09-03T14:37:30.805-05:00 DEBUG 8148 --- [biblioteca] [HikariPool-1:connection-adder] com.zaxxer.hikari.pool.PoolBase          : HikariPool-1 - Attempting to create/setup new connection (6a94a346-eab1-4960-be11-eef4532e1c8a)
2025-09-03T14:37:30.895-05:00 DEBUG 8148 --- [biblioteca] [HikariPool-1:connection-adder] com.zaxxer.hikari.pool.PoolBase          : HikariPool-1 - Established new connection (6a94a346-eab1-4960-be11-eef4532e1c8a)
2025-09-03T14:37:30.895-05:00 DEBUG 8148 --- [biblioteca] [HikariPool-1:connection-adder] com.zaxxer.hikari.pool.HikariPool        : HikariPool-1 - Added connection oracle.jdbc.driver.T4CConnection@723f5248
2025-09-03T14:37:34.592-05:00 DEBUG 8148 --- [biblioteca] [HikariPool-1:housekeeper] com.zaxxer.hikari.pool.HikariPool        : HikariPool-1 - keepalive: connection oracle.jdbc.driver.T4CConnection@6ab6f0a2 is alive
2025-09-03T14:37:39.528-05:00 DEBUG 8148 --- [biblioteca] [HikariPool-1:housekeeper] com.zaxxer.hikari.pool.HikariPool        : HikariPool-1 - keepalive: connection oracle.jdbc.driver.T4CConnection@38f8b5a8 is alive
2025-09-03T14:38:00.552-05:00 DEBUG 8148 --- [biblioteca] [HikariPool-1:housekeeper] com.zaxxer.hikari.pool.HikariPool        : HikariPool-1 - Pool stats (total=10/10, idle=10/10, active=0, waiting=0)
2025-09-03T14:38:00.552-05:00 DEBUG 8148 --- [biblioteca] [HikariPool-1:housekeeper] com.zaxxer.hikari.pool.HikariPool        : HikariPool-1 - Fill pool skipped, pool has sufficient level or currently being filled.
2025-09-03T14:38:01.895-05:00 DEBUG 8148 --- [biblioteca] [HikariPool-1:housekeeper] com.zaxxer.hikari.pool.HikariPool        : HikariPool-1 - keepalive: connection oracle.jdbc.driver.T4CConnection@5697da04 is alive
2025-09-03T14:38:10.918-05:00 DEBUG 8148 --- [biblioteca] [HikariPool-1:housekeeper] com.zaxxer.hikari.pool.HikariPool        : HikariPool-1 - keepalive: connection oracle.jdbc.driver.T4CConnection@6e492e16 is alive
2025-09-03T14:38:11.148-05:00 DEBUG 8148 --- [biblioteca] [HikariPool-1:housekeeper] com.zaxxer.hikari.pool.HikariPool        : HikariPool-1 - keepalive: connection oracle.jdbc.driver.T4CConnection@ba8b2df is alive
2025-09-03T14:38:22.055-05:00 DEBUG 8148 --- [biblioteca] [HikariPool-1:housekeeper] com.zaxxer.hikari.pool.HikariPool        : HikariPool-1 - keepalive: connection oracle.jdbc.driver.T4CConnection@2727ec27 is alive
2025-09-03T14:38:30.564-05:00 DEBUG 8148 --- [biblioteca] [HikariPool-1:housekeeper] com.zaxxer.hikari.pool.HikariPool        : HikariPool-1 - Pool stats (total=10/10, idle=10/10, active=0, waiting=0)
2025-09-03T14:38:30.564-05:00 DEBUG 8148 --- [biblioteca] [HikariPool-1:housekeeper] com.zaxxer.hikari.pool.HikariPool        : HikariPool-1 - Fill pool skipped, pool has sufficient level or currently being filled.
2025-09-03T14:39:00.569-05:00 DEBUG 8148 --- [biblioteca] [HikariPool-1:housekeeper] com.zaxxer.hikari.pool.HikariPool        : HikariPool-1 - Pool stats (total=10/10, idle=10/10, active=0, waiting=0)
2025-09-03T14:39:00.569-05:00 DEBUG 8148 --- [biblioteca] [HikariPool-1:housekeeper] com.zaxxer.hikari.pool.HikariPool        : HikariPool-1 - Fill pool skipped, pool has sufficient level or currently being filled.
2025-09-03T14:39:02.193-05:00 DEBUG 8148 --- [biblioteca] [HikariPool-1:housekeeper] com.zaxxer.hikari.pool.HikariPool        : HikariPool-1 - keepalive: connection oracle.jdbc.driver.T4CConnection@4751cd3 is alive
2025-09-03T14:39:03.319-05:00 DEBUG 8148 --- [biblioteca] [HikariPool-1:housekeeper] com.zaxxer.hikari.pool.HikariPool        : HikariPool-1 - keepalive: connection oracle.jdbc.driver.T4CConnection@52a23e44 is alive
2025-09-03T14:39:09.867-05:00 DEBUG 8148 --- [biblioteca] [HikariPool-1:housekeeper] com.zaxxer.hikari.pool.HikariPool        : HikariPool-1 - keepalive: connection oracle.jdbc.driver.T4CConnection@723f5248 is alive
2025-09-03T14:39:09.922-05:00 DEBUG 8148 --- [biblioteca] [HikariPool-1:housekeeper] com.zaxxer.hikari.pool.HikariPool        : HikariPool-1 - keepalive: connection oracle.jdbc.driver.T4CConnection@6954becc is alive
2025-09-03T14:39:13.457-05:00 DEBUG 8148 --- [biblioteca] [HikariPool-1:housekeeper] com.zaxxer.hikari.pool.HikariPool        : HikariPool-1 - keepalive: connection oracle.jdbc.driver.T4CConnection@6ab6f0a2 is alive
2025-09-03T14:39:26.381-05:00 DEBUG 8148 --- [biblioteca] [HikariPool-1:housekeeper] com.zaxxer.hikari.pool.HikariPool        : HikariPool-1 - keepalive: connection oracle.jdbc.driver.T4CConnection@38f8b5a8 is alive
2025-09-03T14:39:30.571-05:00 DEBUG 8148 --- [biblioteca] [HikariPool-1:housekeeper] com.zaxxer.hikari.pool.HikariPool        : HikariPool-1 - Pool stats (total=10/10, idle=10/10, active=0, waiting=0)
2025-09-03T14:39:30.571-05:00 DEBUG 8148 --- [biblioteca] [HikariPool-1:housekeeper] com.zaxxer.hikari.pool.HikariPool        : HikariPool-1 - Fill pool skipped, pool has sufficient level or currently being filled.
2025-09-03T14:39:52.370-05:00 DEBUG 8148 --- [biblioteca] [HikariPool-1:housekeeper] com.zaxxer.hikari.pool.HikariPool        : HikariPool-1 - keepalive: connection oracle.jdbc.driver.T4CConnection@6e492e16 is alive
2025-09-03T14:39:52.608-05:00 DEBUG 8148 --- [biblioteca] [HikariPool-1:housekeeper] com.zaxxer.hikari.pool.HikariPool        : HikariPool-1 - keepalive: connection oracle.jdbc.driver.T4CConnection@ba8b2df is alive
2025-09-03T14:39:59.469-05:00 DEBUG 8148 --- [biblioteca] [HikariPool-1:housekeeper] com.zaxxer.hikari.pool.HikariPool        : HikariPool-1 - keepalive: connection oracle.jdbc.driver.T4CConnection@5697da04 is alive
2025-09-03T14:40:00.573-05:00 DEBUG 8148 --- [biblioteca] [HikariPool-1:housekeeper] com.zaxxer.hikari.pool.HikariPool        : HikariPool-1 - Pool stats (total=10/10, idle=10/10, active=0, waiting=0)
2025-09-03T14:40:00.573-05:00 DEBUG 8148 --- [biblioteca] [HikariPool-1:housekeeper] com.zaxxer.hikari.pool.HikariPool        : HikariPool-1 - Fill pool skipped, pool has sufficient level or currently being filled.
2025-09-03T14:40:04.256-05:00 DEBUG 8148 --- [biblioteca] [HikariPool-1:housekeeper] com.zaxxer.hikari.pool.HikariPool        : HikariPool-1 - keepalive: connection oracle.jdbc.driver.T4CConnection@2727ec27 is alive
2025-09-03T14:40:30.574-05:00 DEBUG 8148 --- [biblioteca] [HikariPool-1:housekeeper] com.zaxxer.hikari.pool.HikariPool        : HikariPool-1 - Pool stats (total=10/10, idle=10/10, active=0, waiting=0)
2025-09-03T14:40:30.574-05:00 DEBUG 8148 --- [biblioteca] [HikariPool-1:housekeeper] com.zaxxer.hikari.pool.HikariPool        : HikariPool-1 - Fill pool skipped, pool has sufficient level or currently being filled.
2025-09-03T14:40:40.322-05:00 DEBUG 8148 --- [biblioteca] [HikariPool-1:housekeeper] com.zaxxer.hikari.pool.HikariPool        : HikariPool-1 - keepalive: connection oracle.jdbc.driver.T4CConnection@4751cd3 is alive
2025-09-03T14:40:48.839-05:00 DEBUG 8148 --- [biblioteca] [HikariPool-1:housekeeper] com.zaxxer.hikari.pool.HikariPool        : HikariPool-1 - keepalive: connection oracle.jdbc.driver.T4CConnection@723f5248 is alive
2025-09-03T14:40:52.322-05:00 DEBUG 8148 --- [biblioteca] [HikariPool-1:housekeeper] com.zaxxer.hikari.pool.HikariPool        : HikariPool-1 - keepalive: connection oracle.jdbc.driver.T4CConnection@6ab6f0a2 is alive
2025-09-03T14:40:56.566-05:00 DEBUG 8148 --- [biblioteca] [HikariPool-1:housekeeper] com.zaxxer.hikari.pool.HikariPool        : HikariPool-1 - keepalive: connection oracle.jdbc.driver.T4CConnection@52a23e44 is alive
2025-09-03T14:41:00.576-05:00 DEBUG 8148 --- [biblioteca] [HikariPool-1:housekeeper] com.zaxxer.hikari.pool.HikariPool        : HikariPool-1 - Pool stats (total=10/10, idle=10/10, active=0, waiting=0)
2025-09-03T14:41:00.576-05:00 DEBUG 8148 --- [biblioteca] [HikariPool-1:housekeeper] com.zaxxer.hikari.pool.HikariPool        : HikariPool-1 - Fill pool skipped, pool has sufficient level or currently being filled.
2025-09-03T14:41:03.689-05:00 DEBUG 8148 --- [biblioteca] [HikariPool-1:housekeeper] com.zaxxer.hikari.pool.HikariPool        : HikariPool-1 - keepalive: connection oracle.jdbc.driver.T4CConnection@6954becc is alive
2025-09-03T14:41:13.236-05:00 DEBUG 8148 --- [biblioteca] [HikariPool-1:housekeeper] com.zaxxer.hikari.pool.HikariPool        : HikariPool-1 - keepalive: connection oracle.jdbc.driver.T4CConnection@38f8b5a8 is alive
2025-09-03T14:41:14.220-05:00 DEBUG 8148 --- [biblioteca] [HikariPool-1:connection-closer] com.zaxxer.hikari.pool.PoolBase          : HikariPool-1 - Closing connection oracle.jdbc.driver.T4CConnection@6954becc: (connection has passed maxLifetime)
2025-09-03T14:41:14.224-05:00 DEBUG 8148 --- [biblioteca] [HikariPool-1:connection-adder] com.zaxxer.hikari.pool.PoolBase          : HikariPool-1 - Attempting to create/setup new connection (1e8a5f54-e2e0-4624-8ea0-ea1b598ae866)
2025-09-03T14:41:14.330-05:00 DEBUG 8148 --- [biblioteca] [HikariPool-1:connection-adder] com.zaxxer.hikari.pool.PoolBase          : HikariPool-1 - Established new connection (1e8a5f54-e2e0-4624-8ea0-ea1b598ae866)
2025-09-03T14:41:14.330-05:00 DEBUG 8148 --- [biblioteca] [HikariPool-1:connection-adder] com.zaxxer.hikari.pool.HikariPool        : HikariPool-1 - Added connection oracle.jdbc.driver.T4CConnection@2fb881fe
2025-09-03T14:41:30.576-05:00 DEBUG 8148 --- [biblioteca] [HikariPool-1:housekeeper] com.zaxxer.hikari.pool.HikariPool        : HikariPool-1 - Pool stats (total=10/10, idle=10/10, active=0, waiting=0)
2025-09-03T14:41:30.577-05:00 DEBUG 8148 --- [biblioteca] [HikariPool-1:housekeeper] com.zaxxer.hikari.pool.HikariPool        : HikariPool-1 - Fill pool skipped, pool has sufficient level or currently being filled.
2025-09-03T14:41:33.822-05:00 DEBUG 8148 --- [biblioteca] [HikariPool-1:housekeeper] com.zaxxer.hikari.pool.HikariPool        : HikariPool-1 - keepalive: connection oracle.jdbc.driver.T4CConnection@6e492e16 is alive
2025-09-03T14:41:34.069-05:00 DEBUG 8148 --- [biblioteca] [HikariPool-1:housekeeper] com.zaxxer.hikari.pool.HikariPool        : HikariPool-1 - keepalive: connection oracle.jdbc.driver.T4CConnection@ba8b2df is alive
2025-09-03T14:41:38.977-05:00 DEBUG 8148 --- [biblioteca] [HikariPool-1:connection-closer] com.zaxxer.hikari.pool.PoolBase          : HikariPool-1 - Closing connection oracle.jdbc.driver.T4CConnection@38f8b5a8: (connection has passed maxLifetime)
2025-09-03T14:41:38.979-05:00 DEBUG 8148 --- [biblioteca] [HikariPool-1:connection-adder] com.zaxxer.hikari.pool.PoolBase          : HikariPool-1 - Attempting to create/setup new connection (2b6d6b9d-129e-481a-bbd4-8a3b6f2c8507)
2025-09-03T14:41:39.033-05:00 DEBUG 8148 --- [biblioteca] [HikariPool-1:connection-adder] com.zaxxer.hikari.pool.PoolBase          : HikariPool-1 - Established new connection (2b6d6b9d-129e-481a-bbd4-8a3b6f2c8507)
2025-09-03T14:41:39.034-05:00 DEBUG 8148 --- [biblioteca] [HikariPool-1:connection-adder] com.zaxxer.hikari.pool.HikariPool        : HikariPool-1 - Added connection oracle.jdbc.driver.T4CConnection@1dc4b9aa
2025-09-03T14:41:46.458-05:00 DEBUG 8148 --- [biblioteca] [HikariPool-1:housekeeper] com.zaxxer.hikari.pool.HikariPool        : HikariPool-1 - keepalive: connection oracle.jdbc.driver.T4CConnection@2727ec27 is alive
2025-09-03T14:41:57.042-05:00 DEBUG 8148 --- [biblioteca] [HikariPool-1:housekeeper] com.zaxxer.hikari.pool.HikariPool        : HikariPool-1 - keepalive: connection oracle.jdbc.driver.T4CConnection@5697da04 is alive
2025-09-03T14:42:00.590-05:00 DEBUG 8148 --- [biblioteca] [HikariPool-1:housekeeper] com.zaxxer.hikari.pool.HikariPool        : HikariPool-1 - Pool stats (total=10/10, idle=10/10, active=0, waiting=0)
2025-09-03T14:42:00.590-05:00 DEBUG 8148 --- [biblioteca] [HikariPool-1:housekeeper] com.zaxxer.hikari.pool.HikariPool        : HikariPool-1 - Fill pool skipped, pool has sufficient level or currently being filled.
2025-09-03T14:42:03.412-05:00 DEBUG 8148 --- [biblioteca] [HikariPool-1:connection-closer] com.zaxxer.hikari.pool.PoolBase          : HikariPool-1 - Closing connection oracle.jdbc.driver.T4CConnection@2727ec27: (connection has passed maxLifetime)
2025-09-03T14:42:03.414-05:00 DEBUG 8148 --- [biblioteca] [HikariPool-1:connection-adder] com.zaxxer.hikari.pool.PoolBase          : HikariPool-1 - Attempting to create/setup new connection (b6e0d45a-6381-4f95-83da-92cc17c7e3f9)
2025-09-03T14:42:03.467-05:00 DEBUG 8148 --- [biblioteca] [HikariPool-1:connection-adder] com.zaxxer.hikari.pool.PoolBase          : HikariPool-1 - Established new connection (b6e0d45a-6381-4f95-83da-92cc17c7e3f9)
2025-09-03T14:42:03.467-05:00 DEBUG 8148 --- [biblioteca] [HikariPool-1:connection-adder] com.zaxxer.hikari.pool.HikariPool        : HikariPool-1 - Added connection oracle.jdbc.driver.T4CConnection@7434848
2025-09-03T14:42:13.631-05:00  INFO 8148 --- [biblioteca] [SpringApplicationShutdownHook] o.s.b.w.e.tomcat.GracefulShutdown        : Commencing graceful shutdown. Waiting for active requests to complete
2025-09-03T14:42:13.636-05:00  INFO 8148 --- [biblioteca] [tomcat-shutdown] o.s.b.w.e.tomcat.GracefulShutdown        : Graceful shutdown complete
2025-09-03T14:42:13.643-05:00  INFO 8148 --- [biblioteca] [SpringApplicationShutdownHook] j.LocalContainerEntityManagerFactoryBean : Closing JPA EntityManagerFactory for persistence unit 'default'
2025-09-03T14:42:13.647-05:00  INFO 8148 --- [biblioteca] [SpringApplicationShutdownHook] com.zaxxer.hikari.HikariDataSource       : HikariPool-1 - Shutdown initiated...
2025-09-03T14:42:13.648-05:00 DEBUG 8148 --- [biblioteca] [SpringApplicationShutdownHook] com.zaxxer.hikari.pool.HikariPool        : HikariPool-1 - Before shutdown stats (total=10/10, idle=10/10, active=0, waiting=0)
2025-09-03T14:42:13.649-05:00 DEBUG 8148 --- [biblioteca] [HikariPool-1:connection-closer] com.zaxxer.hikari.pool.PoolBase          : HikariPool-1 - Closing connection oracle.jdbc.driver.T4CConnection@4751cd3: (connection evicted)
2025-09-03T14:42:13.651-05:00 DEBUG 8148 --- [biblioteca] [HikariPool-1:connection-closer] com.zaxxer.hikari.pool.PoolBase          : HikariPool-1 - Closing connection oracle.jdbc.driver.T4CConnection@6ab6f0a2: (connection evicted)
2025-09-03T14:42:13.652-05:00 DEBUG 8148 --- [biblioteca] [HikariPool-1:connection-closer] com.zaxxer.hikari.pool.PoolBase          : HikariPool-1 - Closing connection oracle.jdbc.driver.T4CConnection@6e492e16: (connection evicted)
2025-09-03T14:42:13.656-05:00 DEBUG 8148 --- [biblioteca] [HikariPool-1:connection-closer] com.zaxxer.hikari.pool.PoolBase          : HikariPool-1 - Closing connection oracle.jdbc.driver.T4CConnection@ba8b2df: (connection evicted)
2025-09-03T14:42:13.661-05:00 DEBUG 8148 --- [biblioteca] [HikariPool-1:connection-closer] com.zaxxer.hikari.pool.PoolBase          : HikariPool-1 - Closing connection oracle.jdbc.driver.T4CConnection@5697da04: (connection evicted)
2025-09-03T14:42:13.664-05:00 DEBUG 8148 --- [biblioteca] [HikariPool-1:connection-closer] com.zaxxer.hikari.pool.PoolBase          : HikariPool-1 - Closing connection oracle.jdbc.driver.T4CConnection@52a23e44: (connection evicted)
2025-09-03T14:42:13.668-05:00 DEBUG 8148 --- [biblioteca] [HikariPool-1:connection-closer] com.zaxxer.hikari.pool.PoolBase          : HikariPool-1 - Closing connection oracle.jdbc.driver.T4CConnection@723f5248: (connection evicted)
2025-09-03T14:42:13.669-05:00 DEBUG 8148 --- [biblioteca] [HikariPool-1:connection-closer] com.zaxxer.hikari.pool.PoolBase          : HikariPool-1 - Closing connection oracle.jdbc.driver.T4CConnection@2fb881fe: (connection evicted)
2025-09-03T14:42:13.670-05:00 DEBUG 8148 --- [biblioteca] [HikariPool-1:connection-closer] com.zaxxer.hikari.pool.PoolBase          : HikariPool-1 - Closing connection oracle.jdbc.driver.T4CConnection@1dc4b9aa: (connection evicted)
2025-09-03T14:42:13.676-05:00 DEBUG 8148 --- [biblioteca] [HikariPool-1:connection-closer] com.zaxxer.hikari.pool.PoolBase          : HikariPool-1 - Closing connection oracle.jdbc.driver.T4CConnection@7434848: (connection evicted)
2025-09-03T14:42:13.677-05:00 DEBUG 8148 --- [biblioteca] [SpringApplicationShutdownHook] com.zaxxer.hikari.pool.HikariPool        : HikariPool-1 - After  shutdown stats (total=0/10, idle=0/10, active=0, waiting=0)
2025-09-03T14:42:13.677-05:00  INFO 8148 --- [biblioteca] [SpringApplicationShutdownHook] com.zaxxer.hikari.HikariDataSource       : HikariPool-1 - Shutdown completed.
